2023-11-26 08:09:27,983 - INFO - Archivo YAML: <_io.TextIOWrapper name='C:/Tesis/pnp-diffusers/config\\apples__A_basket_of_oranges.__steps50.yaml' mode='r' encoding='cp1252'>, Tiempo de edicion: 98.48 segundos
2023-11-26 08:13:04,549 - INFO - Archivo YAML: <_io.TextIOWrapper name='C:/Tesis/pnp-diffusers/config\\apples__A_basket_of_oranges.__steps50.yaml' mode='r' encoding='cp1252'>, Tiempo de edicion: 97.79 segundos
2023-11-26 08:14:31,100 - INFO - Archivo YAML: <_io.TextIOWrapper name='C:/Tesis/pnp-diffusers/config\\apples__A_bowl_of_apples.__steps50.yaml' mode='r' encoding='cp1252'>, Tiempo de edicion: 86.54 segundos
2023-11-26 08:15:59,530 - INFO - Archivo YAML: <_io.TextIOWrapper name='C:/Tesis/pnp-diffusers/config\\banana_1__A_photo_of_a_peeled___steps50.yaml' mode='r' encoding='cp1252'>, Tiempo de edicion: 88.42 segundos
2023-11-26 08:17:36,232 - INFO - Archivo YAML: <_io.TextIOWrapper name='C:/Tesis/pnp-diffusers/config\\banana_1__A_photo_of_a_rotten___steps50.yaml' mode='r' encoding='cp1252'>, Tiempo de edicion: 96.69 segundos
2023-11-26 08:19:14,551 - INFO - Archivo YAML: <_io.TextIOWrapper name='C:/Tesis/pnp-diffusers/config\\banana_1__A_photo_of_a_sliced___steps50.yaml' mode='r' encoding='cp1252'>, Tiempo de edicion: 98.31 segundos
2023-11-26 08:20:40,568 - INFO - Archivo YAML: <_io.TextIOWrapper name='C:/Tesis/pnp-diffusers/config\\banana_1__Two_bananas.__steps50.yaml' mode='r' encoding='cp1252'>, Tiempo de edicion: 86.00 segundos
2023-11-26 08:22:06,177 - INFO - Archivo YAML: <_io.TextIOWrapper name='C:/Tesis/pnp-diffusers/config\\bear3__A_bear_eating_a_fish__steps50.yaml' mode='r' encoding='cp1252'>, Tiempo de edicion: 85.60 segundos
2023-11-26 08:23:31,546 - INFO - Archivo YAML: <_io.TextIOWrapper name='C:/Tesis/pnp-diffusers/config\\bear3__A_black_bear_is_walk__steps50.yaml' mode='r' encoding='cp1252'>, Tiempo de edicion: 85.35 segundos
2023-11-26 08:24:56,797 - INFO - Archivo YAML: <_io.TextIOWrapper name='C:/Tesis/pnp-diffusers/config\\bear3__A_standing_bear.__steps50.yaml' mode='r' encoding='cp1252'>, Tiempo de edicion: 85.24 segundos
2023-11-26 08:26:23,086 - INFO - Archivo YAML: <_io.TextIOWrapper name='C:/Tesis/pnp-diffusers/config\\bird-g83440b9c4_1920__Two_kissing_parrots.__steps50.yaml' mode='r' encoding='cp1252'>, Tiempo de edicion: 86.27 segundos
2023-11-26 08:31:16,109 - INFO - Archivo YAML: <_io.TextIOWrapper name='C:/Tesis/pnp-diffusers/config\\apples__A_basket_of_oranges.__steps50.yaml' mode='r' encoding='cp1252'>, Tiempo de edicion: 93.98 segundos
2023-11-26 08:32:42,420 - INFO - Archivo YAML: <_io.TextIOWrapper name='C:/Tesis/pnp-diffusers/config\\apples__A_bowl_of_apples.__steps50.yaml' mode='r' encoding='cp1252'>, Tiempo de edicion: 86.30 segundos
2023-11-26 08:34:09,093 - INFO - Archivo YAML: <_io.TextIOWrapper name='C:/Tesis/pnp-diffusers/config\\banana_1__A_photo_of_a_peeled___steps50.yaml' mode='r' encoding='cp1252'>, Tiempo de edicion: 86.67 segundos
2023-11-26 08:35:47,913 - INFO - Archivo YAML: <_io.TextIOWrapper name='C:/Tesis/pnp-diffusers/config\\banana_1__A_photo_of_a_rotten___steps50.yaml' mode='r' encoding='cp1252'>, Tiempo de edicion: 98.81 segundos
2023-11-26 08:37:13,717 - INFO - Archivo YAML: <_io.TextIOWrapper name='C:/Tesis/pnp-diffusers/config\\banana_1__A_photo_of_a_sliced___steps50.yaml' mode='r' encoding='cp1252'>, Tiempo de edicion: 85.80 segundos
2023-11-26 08:38:52,686 - INFO - Archivo YAML: <_io.TextIOWrapper name='C:/Tesis/pnp-diffusers/config\\banana_1__Two_bananas.__steps50.yaml' mode='r' encoding='cp1252'>, Tiempo de edicion: 98.96 segundos
2023-11-26 08:40:32,355 - INFO - Archivo YAML: <_io.TextIOWrapper name='C:/Tesis/pnp-diffusers/config\\bear3__A_bear_eating_a_fish__steps50.yaml' mode='r' encoding='cp1252'>, Tiempo de edicion: 99.66 segundos
2023-11-26 08:41:57,926 - INFO - Archivo YAML: <_io.TextIOWrapper name='C:/Tesis/pnp-diffusers/config\\bear3__A_black_bear_is_walk__steps50.yaml' mode='r' encoding='cp1252'>, Tiempo de edicion: 85.56 segundos
2023-11-26 08:43:22,803 - INFO - Archivo YAML: <_io.TextIOWrapper name='C:/Tesis/pnp-diffusers/config\\bear3__A_standing_bear.__steps50.yaml' mode='r' encoding='cp1252'>, Tiempo de edicion: 84.87 segundos
2023-11-26 08:44:47,880 - INFO - Archivo YAML: <_io.TextIOWrapper name='C:/Tesis/pnp-diffusers/config\\bird-g83440b9c4_1920__Two_kissing_parrots.__steps50.yaml' mode='r' encoding='cp1252'>, Tiempo de edicion: 85.07 segundos
2023-11-26 08:46:13,017 - INFO - Archivo YAML: <_io.TextIOWrapper name='C:/Tesis/pnp-diffusers/config\\bird__A_bird_eating_a_fish__steps50.yaml' mode='r' encoding='cp1252'>, Tiempo de edicion: 85.13 segundos
2023-11-26 08:47:37,390 - INFO - Archivo YAML: <_io.TextIOWrapper name='C:/Tesis/pnp-diffusers/config\\bird__A_bird_looking_backw__steps50.yaml' mode='r' encoding='cp1252'>, Tiempo de edicion: 84.36 segundos
2023-11-26 08:49:17,649 - INFO - Archivo YAML: <_io.TextIOWrapper name='C:/Tesis/pnp-diffusers/config\\bird__A_photo_of_a_bird_cl__steps50.yaml' mode='r' encoding='cp1252'>, Tiempo de edicion: 100.24 segundos
2023-11-26 08:50:42,762 - INFO - Archivo YAML: <_io.TextIOWrapper name='C:/Tesis/pnp-diffusers/config\\bird__A_photo_of_a_bird_le__steps50.yaml' mode='r' encoding='cp1252'>, Tiempo de edicion: 85.10 segundos
2023-11-26 08:52:22,871 - INFO - Archivo YAML: <_io.TextIOWrapper name='C:/Tesis/pnp-diffusers/config\\bird__A_photo_of_a_bird_sp__steps50.yaml' mode='r' encoding='cp1252'>, Tiempo de edicion: 100.10 segundos
2023-11-26 08:53:48,136 - INFO - Archivo YAML: <_io.TextIOWrapper name='C:/Tesis/pnp-diffusers/config\\black_shirt__A_person_clapping_th__steps50.yaml' mode='r' encoding='cp1252'>, Tiempo de edicion: 85.25 segundos
2023-11-26 08:55:28,426 - INFO - Archivo YAML: <_io.TextIOWrapper name='C:/Tesis/pnp-diffusers/config\\black_shirt__A_person_giving_a_th__steps50.yaml' mode='r' encoding='cp1252'>, Tiempo de edicion: 100.28 segundos
2023-11-26 08:57:09,188 - INFO - Archivo YAML: <_io.TextIOWrapper name='C:/Tesis/pnp-diffusers/config\\black_shirt__A_person_in_a_greett__steps50.yaml' mode='r' encoding='cp1252'>, Tiempo de edicion: 100.75 segundos
2023-11-26 08:58:50,500 - INFO - Archivo YAML: <_io.TextIOWrapper name='C:/Tesis/pnp-diffusers/config\\black_shirt__A_person_with_crosse__steps50.yaml' mode='r' encoding='cp1252'>, Tiempo de edicion: 101.30 segundos
2023-11-26 09:00:15,739 - INFO - Archivo YAML: <_io.TextIOWrapper name='C:/Tesis/pnp-diffusers/config\\box__A_photo_of_an_open_b__steps50.yaml' mode='r' encoding='cp1252'>, Tiempo de edicion: 85.23 segundos
2023-11-26 09:01:40,310 - INFO - Archivo YAML: <_io.TextIOWrapper name='C:/Tesis/pnp-diffusers/config\\cake_1__A_photo_of_a_birthda__steps50.yaml' mode='r' encoding='cp1252'>, Tiempo de edicion: 84.56 segundos
2023-11-26 09:03:05,135 - INFO - Archivo YAML: <_io.TextIOWrapper name='C:/Tesis/pnp-diffusers/config\\cat_3__A_photo_of_a_cat_wea__steps50.yaml' mode='r' encoding='cp1252'>, Tiempo de edicion: 84.81 segundos
2023-11-26 09:04:45,946 - INFO - Archivo YAML: <_io.TextIOWrapper name='C:/Tesis/pnp-diffusers/config\\cat_3__A_photo_of_a_cat_yaw__steps50.yaml' mode='r' encoding='cp1252'>, Tiempo de edicion: 100.80 segundos
2023-11-26 09:06:11,797 - INFO - Archivo YAML: <_io.TextIOWrapper name='C:/Tesis/pnp-diffusers/config\\cat__A_photo_of_a_cat_in___steps50.yaml' mode='r' encoding='cp1252'>, Tiempo de edicion: 85.84 segundos
2023-11-26 09:07:36,643 - INFO - Archivo YAML: <_io.TextIOWrapper name='C:/Tesis/pnp-diffusers/config\\cat__A_photo_of_a_cat_wea__steps50.yaml' mode='r' encoding='cp1252'>, Tiempo de edicion: 84.83 segundos
2023-11-26 09:09:01,463 - INFO - Archivo YAML: <_io.TextIOWrapper name='C:/Tesis/pnp-diffusers/config\\chair_1__A_knocked_down_chair__steps50.yaml' mode='r' encoding='cp1252'>, Tiempo de edicion: 84.81 segundos
2023-11-26 09:10:41,902 - INFO - Archivo YAML: <_io.TextIOWrapper name='C:/Tesis/pnp-diffusers/config\\chair_1__A_photo_of_a_chair_s__steps50.yaml' mode='r' encoding='cp1252'>, Tiempo de edicion: 100.43 segundos
2023-11-26 09:12:07,352 - INFO - Archivo YAML: <_io.TextIOWrapper name='C:/Tesis/pnp-diffusers/config\\chibi__Image_of_a_cat_weari__steps50.yaml' mode='r' encoding='cp1252'>, Tiempo de edicion: 85.44 segundos
2023-11-26 09:13:47,986 - INFO - Archivo YAML: <_io.TextIOWrapper name='C:/Tesis/pnp-diffusers/config\\couple_beach__A_photo_of_a_couple___steps50.yaml' mode='r' encoding='cp1252'>, Tiempo de edicion: 100.62 segundos
2023-11-26 09:15:14,163 - INFO - Archivo YAML: <_io.TextIOWrapper name='C:/Tesis/pnp-diffusers/config\\dog2_standing__A_photo_of_a_breakda__steps50.yaml' mode='r' encoding='cp1252'>, Tiempo de edicion: 86.17 segundos
2023-11-26 09:16:54,691 - INFO - Archivo YAML: <_io.TextIOWrapper name='C:/Tesis/pnp-diffusers/config\\dog2_standing__A_photo_of_a_dog_lay__steps50.yaml' mode='r' encoding='cp1252'>, Tiempo de edicion: 100.52 segundos
2023-11-26 09:18:35,961 - INFO - Archivo YAML: <_io.TextIOWrapper name='C:/Tesis/pnp-diffusers/config\\dog2_standing__A_photo_of_a_jumping__steps50.yaml' mode='r' encoding='cp1252'>, Tiempo de edicion: 101.25 segundos
2023-11-26 09:20:01,119 - INFO - Archivo YAML: <_io.TextIOWrapper name='C:/Tesis/pnp-diffusers/config\\dog2_standing__A_photo_of_a_sitting__steps50.yaml' mode='r' encoding='cp1252'>, Tiempo de edicion: 85.14 segundos
2023-11-26 09:21:41,538 - INFO - Archivo YAML: <_io.TextIOWrapper name='C:/Tesis/pnp-diffusers/config\\dog2_standing__A_photo_of_a_yawning__steps50.yaml' mode='r' encoding='cp1252'>, Tiempo de edicion: 100.41 segundos
2023-11-26 09:23:22,856 - INFO - Archivo YAML: <_io.TextIOWrapper name='C:/Tesis/pnp-diffusers/config\\dog_01__A_photo_of_a_jumping__steps50.yaml' mode='r' encoding='cp1252'>, Tiempo de edicion: 101.31 segundos
2023-11-26 09:24:48,042 - INFO - Archivo YAML: <_io.TextIOWrapper name='C:/Tesis/pnp-diffusers/config\\dog_01__A_photo_of_a_sitting__steps50.yaml' mode='r' encoding='cp1252'>, Tiempo de edicion: 85.17 segundos
2023-11-26 09:26:12,767 - INFO - Archivo YAML: <_io.TextIOWrapper name='C:/Tesis/pnp-diffusers/config\\dog_with_shirt__A_dog_smoking_a_ciga__steps50.yaml' mode='r' encoding='cp1252'>, Tiempo de edicion: 84.71 segundos
2023-11-26 09:27:53,975 - INFO - Archivo YAML: <_io.TextIOWrapper name='C:/Tesis/pnp-diffusers/config\\door__A_door_with_a_pet_en__steps50.yaml' mode='r' encoding='cp1252'>, Tiempo de edicion: 101.19 segundos
2023-11-26 09:29:35,228 - INFO - Archivo YAML: <_io.TextIOWrapper name='C:/Tesis/pnp-diffusers/config\\door__A_photo_of_an_open_d__steps50.yaml' mode='r' encoding='cp1252'>, Tiempo de edicion: 101.24 segundos
2023-11-26 09:31:00,509 - INFO - Archivo YAML: <_io.TextIOWrapper name='C:/Tesis/pnp-diffusers/config\\door__A_photo_of_a_door_fo__steps50.yaml' mode='r' encoding='cp1252'>, Tiempo de edicion: 85.27 segundos
2023-11-26 09:32:25,313 - INFO - Archivo YAML: <_io.TextIOWrapper name='C:/Tesis/pnp-diffusers/config\\drinking_horse__A_horse_raising_its___steps50.yaml' mode='r' encoding='cp1252'>, Tiempo de edicion: 84.79 segundos
2023-11-26 09:34:05,870 - INFO - Archivo YAML: <_io.TextIOWrapper name='C:/Tesis/pnp-diffusers/config\\egg_tree__A_cracked_egg.__steps50.yaml' mode='r' encoding='cp1252'>, Tiempo de edicion: 100.55 segundos
2023-11-26 09:35:31,570 - INFO - Archivo YAML: <_io.TextIOWrapper name='C:/Tesis/pnp-diffusers/config\\elephant__An_elephant_in_a_cir__steps50.yaml' mode='r' encoding='cp1252'>, Tiempo de edicion: 85.69 segundos
2023-11-26 09:37:11,510 - INFO - Archivo YAML: <_io.TextIOWrapper name='C:/Tesis/pnp-diffusers/config\\elephant__A_person_riding_on_a__steps50.yaml' mode='r' encoding='cp1252'>, Tiempo de edicion: 99.93 segundos
2023-11-26 09:38:37,135 - INFO - Archivo YAML: <_io.TextIOWrapper name='C:/Tesis/pnp-diffusers/config\\elephant__A_standing_elephant.__steps50.yaml' mode='r' encoding='cp1252'>, Tiempo de edicion: 85.61 segundos
2023-11-26 09:40:03,641 - INFO - Archivo YAML: <_io.TextIOWrapper name='C:/Tesis/pnp-diffusers/config\\empty_street__A_busy_congested_str__steps50.yaml' mode='r' encoding='cp1252'>, Tiempo de edicion: 86.49 segundos
2023-11-26 09:41:28,795 - INFO - Archivo YAML: <_io.TextIOWrapper name='C:/Tesis/pnp-diffusers/config\\flamingo__A_sitting_flamingo.__steps50.yaml' mode='r' encoding='cp1252'>, Tiempo de edicion: 85.14 segundos
2023-11-26 09:43:09,398 - INFO - Archivo YAML: <_io.TextIOWrapper name='C:/Tesis/pnp-diffusers/config\\giraffe__A_giraffe_with_a_sho__steps50.yaml' mode='r' encoding='cp1252'>, Tiempo de edicion: 100.59 segundos
2023-11-26 13:52:43,188 - INFO - Archivo YAML: <_io.TextIOWrapper name='C:/Tesis/pnp-diffusers/config\\giraffe__A_photo_of_a_giraffe__steps50.yaml' mode='r' encoding='cp1252'>, Tiempo de edicion: 14973.78 segundos
2023-11-26 17:34:36,529 - INFO - Archivo YAML: <_io.TextIOWrapper name='C:/Tesis/pnp-diffusers/config\\giraffe__A_photo_of_a_giraffe__steps50.yaml' mode='r' encoding='cp1252'>, Tiempo de edicion: 125.11 segundos
2023-11-26 17:36:33,066 - INFO - Archivo YAML: <_io.TextIOWrapper name='C:/Tesis/pnp-diffusers/config\\giraffe__A_photo_of_a_sitting__steps50.yaml' mode='r' encoding='cp1252'>, Tiempo de edicion: 116.53 segundos
2023-11-26 17:38:28,961 - INFO - Archivo YAML: <_io.TextIOWrapper name='C:/Tesis/pnp-diffusers/config\\goat_and_cat__A_goat_and_a_cat_hug__steps50.yaml' mode='r' encoding='cp1252'>, Tiempo de edicion: 115.89 segundos
2023-11-26 17:40:26,555 - INFO - Archivo YAML: <_io.TextIOWrapper name='C:/Tesis/pnp-diffusers/config\\goat_and_cat__A_goat_hits_a_cat.__steps50.yaml' mode='r' encoding='cp1252'>, Tiempo de edicion: 117.59 segundos
2023-11-26 17:42:20,805 - INFO - Archivo YAML: <_io.TextIOWrapper name='C:/Tesis/pnp-diffusers/config\\goat_and_cat__A_goat_jumping_over___steps50.yaml' mode='r' encoding='cp1252'>, Tiempo de edicion: 114.24 segundos
2023-11-26 17:44:14,705 - INFO - Archivo YAML: <_io.TextIOWrapper name='C:/Tesis/pnp-diffusers/config\\goat_and_cat__A_goat_to_the_right___steps50.yaml' mode='r' encoding='cp1252'>, Tiempo de edicion: 113.88 segundos
2023-11-26 17:46:00,804 - INFO - Archivo YAML: <_io.TextIOWrapper name='C:/Tesis/pnp-diffusers/config\\milk_cookie__A_cookie_next_to_a_g__steps50.yaml' mode='r' encoding='cp1252'>, Tiempo de edicion: 106.09 segundos
2023-11-26 17:47:41,686 - INFO - Archivo YAML: <_io.TextIOWrapper name='C:/Tesis/pnp-diffusers/config\\new_cat_3__A_photo_of_a_cat_fac__steps50.yaml' mode='r' encoding='cp1252'>, Tiempo de edicion: 100.87 segundos
2023-11-26 17:49:09,532 - INFO - Archivo YAML: <_io.TextIOWrapper name='C:/Tesis/pnp-diffusers/config\\new_cat_3__A_photo_of_a_cat_fro__steps50.yaml' mode='r' encoding='cp1252'>, Tiempo de edicion: 87.84 segundos
2023-11-26 17:50:43,108 - INFO - Archivo YAML: <_io.TextIOWrapper name='C:/Tesis/pnp-diffusers/config\\new_cat_3__A_photo_of_a_jumping__steps50.yaml' mode='r' encoding='cp1252'>, Tiempo de edicion: 93.56 segundos
2023-11-26 17:52:24,295 - INFO - Archivo YAML: <_io.TextIOWrapper name='C:/Tesis/pnp-diffusers/config\\new_cat_3__A_photo_of_a_sleepin__steps50.yaml' mode='r' encoding='cp1252'>, Tiempo de edicion: 101.18 segundos
2023-11-26 17:54:06,660 - INFO - Archivo YAML: <_io.TextIOWrapper name='C:/Tesis/pnp-diffusers/config\\new_cat_3__A_photo_of_a_standin__steps50.yaml' mode='r' encoding='cp1252'>, Tiempo de edicion: 102.35 segundos
2023-11-26 17:55:36,357 - INFO - Archivo YAML: <_io.TextIOWrapper name='C:/Tesis/pnp-diffusers/config\\open_book__A_photo_of_a_closed___steps50.yaml' mode='r' encoding='cp1252'>, Tiempo de edicion: 89.68 segundos
2023-11-26 17:57:05,480 - INFO - Archivo YAML: <_io.TextIOWrapper name='C:/Tesis/pnp-diffusers/config\\pizza1__A_half_eaten_pizza.__steps50.yaml' mode='r' encoding='cp1252'>, Tiempo de edicion: 89.11 segundos
2023-11-26 17:58:34,753 - INFO - Archivo YAML: <_io.TextIOWrapper name='C:/Tesis/pnp-diffusers/config\\pizza1__Pizza_with_pepperoni__steps50.yaml' mode='r' encoding='cp1252'>, Tiempo de edicion: 89.26 segundos
2023-11-26 18:00:03,439 - INFO - Archivo YAML: <_io.TextIOWrapper name='C:/Tesis/pnp-diffusers/config\\pizza1__Pizza_with_pineapple__steps50.yaml' mode='r' encoding='cp1252'>, Tiempo de edicion: 88.67 segundos
2023-11-26 18:01:45,078 - INFO - Archivo YAML: <_io.TextIOWrapper name='C:/Tesis/pnp-diffusers/config\\prague__A_cyclist_riding_in___steps50.yaml' mode='r' encoding='cp1252'>, Tiempo de edicion: 101.62 segundos
2023-11-26 18:03:28,008 - INFO - Archivo YAML: <_io.TextIOWrapper name='C:/Tesis/pnp-diffusers/config\\prague__A_parade_on_a_street__steps50.yaml' mode='r' encoding='cp1252'>, Tiempo de edicion: 102.92 segundos
2023-11-26 18:04:57,492 - INFO - Archivo YAML: <_io.TextIOWrapper name='C:/Tesis/pnp-diffusers/config\\prague__A_photo_of_a_coffee___steps50.yaml' mode='r' encoding='cp1252'>, Tiempo de edicion: 89.47 segundos
2023-11-26 18:06:39,139 - INFO - Archivo YAML: <_io.TextIOWrapper name='C:/Tesis/pnp-diffusers/config\\red_car__A_car_in_the_year_19__steps50.yaml' mode='r' encoding='cp1252'>, Tiempo de edicion: 101.63 segundos
2023-11-26 18:08:08,811 - INFO - Archivo YAML: <_io.TextIOWrapper name='C:/Tesis/pnp-diffusers/config\\red_car__A_convertable_car.__steps50.yaml' mode='r' encoding='cp1252'>, Tiempo de edicion: 89.66 segundos
2023-11-26 18:09:37,327 - INFO - Archivo YAML: <_io.TextIOWrapper name='C:/Tesis/pnp-diffusers/config\\red_car__A_photo_of_a_car_in___steps50.yaml' mode='r' encoding='cp1252'>, Tiempo de edicion: 88.50 segundos
2023-11-26 18:11:18,603 - INFO - Archivo YAML: <_io.TextIOWrapper name='C:/Tesis/pnp-diffusers/config\\red_car__A_race_car.__steps50.yaml' mode='r' encoding='cp1252'>, Tiempo de edicion: 101.26 segundos
2023-11-26 18:13:01,563 - INFO - Archivo YAML: <_io.TextIOWrapper name='C:/Tesis/pnp-diffusers/config\\road1__An_image_of_a_post_a__steps50.yaml' mode='r' encoding='cp1252'>, Tiempo de edicion: 102.95 segundos
2023-11-26 18:14:44,043 - INFO - Archivo YAML: <_io.TextIOWrapper name='C:/Tesis/pnp-diffusers/config\\road1__A_photo_of_a_traffic__steps50.yaml' mode='r' encoding='cp1252'>, Tiempo de edicion: 102.47 segundos
2023-11-26 18:16:26,759 - INFO - Archivo YAML: <_io.TextIOWrapper name='C:/Tesis/pnp-diffusers/config\\teddy_1__A_photo_of_a_dancing__steps50.yaml' mode='r' encoding='cp1252'>, Tiempo de edicion: 102.70 segundos
2023-11-26 18:17:56,072 - INFO - Archivo YAML: <_io.TextIOWrapper name='C:/Tesis/pnp-diffusers/config\\teddy_1__A_photo_of_a_standin__steps50.yaml' mode='r' encoding='cp1252'>, Tiempo de edicion: 89.30 segundos
2023-11-26 18:19:37,153 - INFO - Archivo YAML: <_io.TextIOWrapper name='C:/Tesis/pnp-diffusers/config\\teddy_1__A_photo_of_a_teddy_b__steps50.yaml' mode='r' encoding='cp1252'>, Tiempo de edicion: 101.07 segundos
2023-11-26 18:21:06,927 - INFO - Archivo YAML: <_io.TextIOWrapper name='C:/Tesis/pnp-diffusers/config\\teddy_1__A_teddy_bear_holding__steps50.yaml' mode='r' encoding='cp1252'>, Tiempo de edicion: 89.76 segundos
2023-11-26 18:22:47,979 - INFO - Archivo YAML: <_io.TextIOWrapper name='C:/Tesis/pnp-diffusers/config\\teddy_1__A_torn_up_teddy_bear__steps50.yaml' mode='r' encoding='cp1252'>, Tiempo de edicion: 101.04 segundos
2023-11-26 18:24:17,846 - INFO - Archivo YAML: <_io.TextIOWrapper name='C:/Tesis/pnp-diffusers/config\\tennis_ball__A_photo_of_a_tomato___steps50.yaml' mode='r' encoding='cp1252'>, Tiempo de edicion: 89.85 segundos
2023-11-26 18:25:46,504 - INFO - Archivo YAML: <_io.TextIOWrapper name='C:/Tesis/pnp-diffusers/config\\tree_1__An_apple_tree.__steps50.yaml' mode='r' encoding='cp1252'>, Tiempo de edicion: 88.65 segundos
2023-11-26 18:27:15,016 - INFO - Archivo YAML: <_io.TextIOWrapper name='C:/Tesis/pnp-diffusers/config\\tree_1__A_photo_of_a_dead_tr__steps50.yaml' mode='r' encoding='cp1252'>, Tiempo de edicion: 88.49 segundos
2023-11-26 18:28:55,916 - INFO - Archivo YAML: <_io.TextIOWrapper name='C:/Tesis/pnp-diffusers/config\\tree_1__A_photo_of_a_fruitfu__steps50.yaml' mode='r' encoding='cp1252'>, Tiempo de edicion: 100.89 segundos
2023-11-26 18:30:37,918 - INFO - Archivo YAML: <_io.TextIOWrapper name='C:/Tesis/pnp-diffusers/config\\tree_1__A_photo_of_a_tree._T__steps50.yaml' mode='r' encoding='cp1252'>, Tiempo de edicion: 101.99 segundos
2023-11-26 18:32:17,513 - INFO - Archivo YAML: <_io.TextIOWrapper name='C:/Tesis/pnp-diffusers/config\\tree_1__A_photo_of_a_willow___steps50.yaml' mode='r' encoding='cp1252'>, Tiempo de edicion: 99.58 segundos
2023-11-26 18:33:44,891 - INFO - Archivo YAML: <_io.TextIOWrapper name='C:/Tesis/pnp-diffusers/config\\two_dogs_with_checkered_shirts1__Two_dogs_growling_at__steps50.yaml' mode='r' encoding='cp1252'>, Tiempo de edicion: 87.36 segundos
2023-11-26 18:35:23,807 - INFO - Archivo YAML: <_io.TextIOWrapper name='C:/Tesis/pnp-diffusers/config\\vase_01__A_photo_of_a_vase_of__steps50.yaml' mode='r' encoding='cp1252'>, Tiempo de edicion: 98.90 segundos
2023-11-26 18:37:02,861 - INFO - Archivo YAML: <_io.TextIOWrapper name='C:/Tesis/pnp-diffusers/config\\vase_01__A_pot_of_flowers.__steps50.yaml' mode='r' encoding='cp1252'>, Tiempo de edicion: 99.04 segundos
2023-11-26 18:38:43,132 - INFO - Archivo YAML: <_io.TextIOWrapper name='C:/Tesis/pnp-diffusers/config\\vase_01__A_vase_of_flowers_fi__steps50.yaml' mode='r' encoding='cp1252'>, Tiempo de edicion: 100.26 segundos
2023-11-26 18:40:22,862 - INFO - Archivo YAML: <_io.TextIOWrapper name='C:/Tesis/pnp-diffusers/config\\white_horse1__A_snow_princess_next__steps50.yaml' mode='r' encoding='cp1252'>, Tiempo de edicion: 99.72 segundos
2023-11-26 18:42:02,911 - INFO - Archivo YAML: <_io.TextIOWrapper name='C:/Tesis/pnp-diffusers/config\\white_horse1__A_white_horse_in_a_g__steps50.yaml' mode='r' encoding='cp1252'>, Tiempo de edicion: 100.04 segundos
2023-11-26 18:43:30,436 - INFO - Archivo YAML: <_io.TextIOWrapper name='C:/Tesis/pnp-diffusers/config\\white_horse2__A_circus_horse.__steps50.yaml' mode='r' encoding='cp1252'>, Tiempo de edicion: 87.51 segundos
2023-11-26 18:45:09,174 - INFO - Archivo YAML: <_io.TextIOWrapper name='C:/Tesis/pnp-diffusers/config\\white_horse2__A_girl_riding_a_hors__steps50.yaml' mode='r' encoding='cp1252'>, Tiempo de edicion: 98.73 segundos
2023-11-26 18:46:36,202 - INFO - Archivo YAML: <_io.TextIOWrapper name='C:/Tesis/pnp-diffusers/config\\white_horse2__A_horse_in_a_show_ju__steps50.yaml' mode='r' encoding='cp1252'>, Tiempo de edicion: 87.02 segundos
2023-11-26 18:48:02,849 - INFO - Archivo YAML: <_io.TextIOWrapper name='C:/Tesis/pnp-diffusers/config\\white_horse2__A_jumping_horse.__steps50.yaml' mode='r' encoding='cp1252'>, Tiempo de edicion: 86.63 segundos
2023-11-26 18:49:40,946 - INFO - Archivo YAML: <_io.TextIOWrapper name='C:/Tesis/pnp-diffusers/config\\white_horse2__A_photo_of_a_zebra.__steps50.yaml' mode='r' encoding='cp1252'>, Tiempo de edicion: 98.08 segundos
2023-11-26 18:51:21,305 - INFO - Archivo YAML: <_io.TextIOWrapper name='C:/Tesis/pnp-diffusers/config\\white_horse2__A_standing_horse.__steps50.yaml' mode='r' encoding='cp1252'>, Tiempo de edicion: 100.35 segundos
2023-11-26 18:53:01,660 - INFO - Archivo YAML: <_io.TextIOWrapper name='C:/Tesis/pnp-diffusers/config\\zebra__A_photo_of_a_horse.__steps50.yaml' mode='r' encoding='cp1252'>, Tiempo de edicion: 100.34 segundos
