2023-11-27 08:15:25,012 - INFO - Archivo YAML: <_io.TextIOWrapper name='C:/Tesis/pnp-diffusers/config/200_steps\\apples__A_basket_of_oranges.__steps200.yaml' mode='r' encoding='cp1252'>, Tiempo de edicion: 224.06 segundos
2023-11-27 08:18:43,609 - INFO - Archivo YAML: <_io.TextIOWrapper name='C:/Tesis/pnp-diffusers/config/200_steps\\apples__A_bowl_of_apples.__steps200.yaml' mode='r' encoding='cp1252'>, Tiempo de edicion: 198.59 segundos
2023-11-27 08:22:04,324 - INFO - Archivo YAML: <_io.TextIOWrapper name='C:/Tesis/pnp-diffusers/config/200_steps\\banana_1__A_photo_of_a_peeled___steps200.yaml' mode='r' encoding='cp1252'>, Tiempo de edicion: 200.70 segundos
2023-11-27 08:25:32,993 - INFO - Archivo YAML: <_io.TextIOWrapper name='C:/Tesis/pnp-diffusers/config/200_steps\\banana_1__A_photo_of_a_rotten___steps200.yaml' mode='r' encoding='cp1252'>, Tiempo de edicion: 208.66 segundos
2023-11-27 08:29:02,345 - INFO - Archivo YAML: <_io.TextIOWrapper name='C:/Tesis/pnp-diffusers/config/200_steps\\banana_1__A_photo_of_a_sliced___steps200.yaml' mode='r' encoding='cp1252'>, Tiempo de edicion: 209.33 segundos
2023-11-27 08:32:32,256 - INFO - Archivo YAML: <_io.TextIOWrapper name='C:/Tesis/pnp-diffusers/config/200_steps\\banana_1__Two_bananas.__steps200.yaml' mode='r' encoding='cp1252'>, Tiempo de edicion: 209.90 segundos
2023-11-27 08:36:03,377 - INFO - Archivo YAML: <_io.TextIOWrapper name='C:/Tesis/pnp-diffusers/config/200_steps\\bear3__A_bear_eating_a_fish__steps200.yaml' mode='r' encoding='cp1252'>, Tiempo de edicion: 211.11 segundos
2023-11-27 08:39:41,017 - INFO - Archivo YAML: <_io.TextIOWrapper name='C:/Tesis/pnp-diffusers/config/200_steps\\bear3__A_black_bear_is_walk__steps200.yaml' mode='r' encoding='cp1252'>, Tiempo de edicion: 217.63 segundos
2023-11-27 08:43:10,453 - INFO - Archivo YAML: <_io.TextIOWrapper name='C:/Tesis/pnp-diffusers/config/200_steps\\bear3__A_standing_bear.__steps200.yaml' mode='r' encoding='cp1252'>, Tiempo de edicion: 209.43 segundos
2023-11-27 08:46:49,438 - INFO - Archivo YAML: <_io.TextIOWrapper name='C:/Tesis/pnp-diffusers/config/200_steps\\bird-g83440b9c4_1920__Two_kissing_parrots.__steps200.yaml' mode='r' encoding='cp1252'>, Tiempo de edicion: 218.98 segundos
2023-11-27 08:50:30,633 - INFO - Archivo YAML: <_io.TextIOWrapper name='C:/Tesis/pnp-diffusers/config/200_steps\\bird__A_bird_eating_a_fish__steps200.yaml' mode='r' encoding='cp1252'>, Tiempo de edicion: 221.19 segundos
2023-11-27 08:54:07,966 - INFO - Archivo YAML: <_io.TextIOWrapper name='C:/Tesis/pnp-diffusers/config/200_steps\\bird__A_bird_looking_backw__steps200.yaml' mode='r' encoding='cp1252'>, Tiempo de edicion: 217.33 segundos
2023-11-27 08:57:36,601 - INFO - Archivo YAML: <_io.TextIOWrapper name='C:/Tesis/pnp-diffusers/config/200_steps\\bird__A_photo_of_a_bird_cl__steps200.yaml' mode='r' encoding='cp1252'>, Tiempo de edicion: 208.63 segundos
2023-11-27 09:01:16,410 - INFO - Archivo YAML: <_io.TextIOWrapper name='C:/Tesis/pnp-diffusers/config/200_steps\\bird__A_photo_of_a_bird_le__steps200.yaml' mode='r' encoding='cp1252'>, Tiempo de edicion: 219.79 segundos
2023-11-27 09:04:55,151 - INFO - Archivo YAML: <_io.TextIOWrapper name='C:/Tesis/pnp-diffusers/config/200_steps\\bird__A_photo_of_a_bird_sp__steps200.yaml' mode='r' encoding='cp1252'>, Tiempo de edicion: 218.73 segundos
2023-11-27 09:08:25,363 - INFO - Archivo YAML: <_io.TextIOWrapper name='C:/Tesis/pnp-diffusers/config/200_steps\\black_shirt__A_person_clapping_th__steps200.yaml' mode='r' encoding='cp1252'>, Tiempo de edicion: 210.20 segundos
2023-11-27 09:12:05,847 - INFO - Archivo YAML: <_io.TextIOWrapper name='C:/Tesis/pnp-diffusers/config/200_steps\\black_shirt__A_person_giving_a_th__steps200.yaml' mode='r' encoding='cp1252'>, Tiempo de edicion: 220.48 segundos
2023-11-27 09:15:46,712 - INFO - Archivo YAML: <_io.TextIOWrapper name='C:/Tesis/pnp-diffusers/config/200_steps\\black_shirt__A_person_in_a_greett__steps200.yaml' mode='r' encoding='cp1252'>, Tiempo de edicion: 220.86 segundos
2023-11-27 09:19:15,589 - INFO - Archivo YAML: <_io.TextIOWrapper name='C:/Tesis/pnp-diffusers/config/200_steps\\black_shirt__A_person_with_crosse__steps200.yaml' mode='r' encoding='cp1252'>, Tiempo de edicion: 208.87 segundos
2023-11-27 09:22:55,312 - INFO - Archivo YAML: <_io.TextIOWrapper name='C:/Tesis/pnp-diffusers/config/200_steps\\box__A_photo_of_an_open_b__steps200.yaml' mode='r' encoding='cp1252'>, Tiempo de edicion: 219.72 segundos
2023-11-27 09:26:25,246 - INFO - Archivo YAML: <_io.TextIOWrapper name='C:/Tesis/pnp-diffusers/config/200_steps\\cake_1__A_photo_of_a_birthda__steps200.yaml' mode='r' encoding='cp1252'>, Tiempo de edicion: 209.93 segundos
2023-11-27 09:30:05,577 - INFO - Archivo YAML: <_io.TextIOWrapper name='C:/Tesis/pnp-diffusers/config/200_steps\\cat_3__A_photo_of_a_cat_wea__steps200.yaml' mode='r' encoding='cp1252'>, Tiempo de edicion: 220.32 segundos
2023-11-27 09:33:44,104 - INFO - Archivo YAML: <_io.TextIOWrapper name='C:/Tesis/pnp-diffusers/config/200_steps\\cat_3__A_photo_of_a_cat_yaw__steps200.yaml' mode='r' encoding='cp1252'>, Tiempo de edicion: 218.52 segundos
2023-11-27 09:37:24,992 - INFO - Archivo YAML: <_io.TextIOWrapper name='C:/Tesis/pnp-diffusers/config/200_steps\\cat__A_photo_of_a_cat_in___steps200.yaml' mode='r' encoding='cp1252'>, Tiempo de edicion: 220.88 segundos
2023-11-27 09:40:53,881 - INFO - Archivo YAML: <_io.TextIOWrapper name='C:/Tesis/pnp-diffusers/config/200_steps\\cat__A_photo_of_a_cat_wea__steps200.yaml' mode='r' encoding='cp1252'>, Tiempo de edicion: 208.88 segundos
2023-11-27 09:44:24,314 - INFO - Archivo YAML: <_io.TextIOWrapper name='C:/Tesis/pnp-diffusers/config/200_steps\\chair_1__A_knocked_down_chair__steps200.yaml' mode='r' encoding='cp1252'>, Tiempo de edicion: 210.42 segundos
2023-11-27 09:48:03,605 - INFO - Archivo YAML: <_io.TextIOWrapper name='C:/Tesis/pnp-diffusers/config/200_steps\\chair_1__A_photo_of_a_chair_s__steps200.yaml' mode='r' encoding='cp1252'>, Tiempo de edicion: 219.28 segundos
2023-11-27 09:51:34,309 - INFO - Archivo YAML: <_io.TextIOWrapper name='C:/Tesis/pnp-diffusers/config/200_steps\\chibi__Image_of_a_cat_weari__steps200.yaml' mode='r' encoding='cp1252'>, Tiempo de edicion: 210.69 segundos
2023-11-27 09:55:03,906 - INFO - Archivo YAML: <_io.TextIOWrapper name='C:/Tesis/pnp-diffusers/config/200_steps\\couple_beach__A_photo_of_a_couple___steps200.yaml' mode='r' encoding='cp1252'>, Tiempo de edicion: 209.59 segundos
2023-11-27 09:58:34,403 - INFO - Archivo YAML: <_io.TextIOWrapper name='C:/Tesis/pnp-diffusers/config/200_steps\\dog2_standing__A_photo_of_a_breakda__steps200.yaml' mode='r' encoding='cp1252'>, Tiempo de edicion: 210.49 segundos
2023-11-27 10:02:04,222 - INFO - Archivo YAML: <_io.TextIOWrapper name='C:/Tesis/pnp-diffusers/config/200_steps\\dog2_standing__A_photo_of_a_dog_lay__steps200.yaml' mode='r' encoding='cp1252'>, Tiempo de edicion: 209.80 segundos
2023-11-27 10:05:33,730 - INFO - Archivo YAML: <_io.TextIOWrapper name='C:/Tesis/pnp-diffusers/config/200_steps\\dog2_standing__A_photo_of_a_jumping__steps200.yaml' mode='r' encoding='cp1252'>, Tiempo de edicion: 209.49 segundos
2023-11-27 10:09:02,770 - INFO - Archivo YAML: <_io.TextIOWrapper name='C:/Tesis/pnp-diffusers/config/200_steps\\dog2_standing__A_photo_of_a_sitting__steps200.yaml' mode='r' encoding='cp1252'>, Tiempo de edicion: 209.03 segundos
2023-11-27 10:12:43,106 - INFO - Archivo YAML: <_io.TextIOWrapper name='C:/Tesis/pnp-diffusers/config/200_steps\\dog2_standing__A_photo_of_a_yawning__steps200.yaml' mode='r' encoding='cp1252'>, Tiempo de edicion: 220.33 segundos
2023-11-27 10:16:13,808 - INFO - Archivo YAML: <_io.TextIOWrapper name='C:/Tesis/pnp-diffusers/config/200_steps\\dog_01__A_photo_of_a_jumping__steps200.yaml' mode='r' encoding='cp1252'>, Tiempo de edicion: 210.69 segundos
2023-11-27 10:19:42,962 - INFO - Archivo YAML: <_io.TextIOWrapper name='C:/Tesis/pnp-diffusers/config/200_steps\\dog_01__A_photo_of_a_sitting__steps200.yaml' mode='r' encoding='cp1252'>, Tiempo de edicion: 209.15 segundos
2023-11-27 10:23:23,286 - INFO - Archivo YAML: <_io.TextIOWrapper name='C:/Tesis/pnp-diffusers/config/200_steps\\dog_with_shirt__A_dog_smoking_a_ciga__steps200.yaml' mode='r' encoding='cp1252'>, Tiempo de edicion: 220.32 segundos
2023-11-27 10:27:05,296 - INFO - Archivo YAML: <_io.TextIOWrapper name='C:/Tesis/pnp-diffusers/config/200_steps\\door__A_door_with_a_pet_en__steps200.yaml' mode='r' encoding='cp1252'>, Tiempo de edicion: 222.00 segundos
2023-11-27 10:30:35,029 - INFO - Archivo YAML: <_io.TextIOWrapper name='C:/Tesis/pnp-diffusers/config/200_steps\\door__A_photo_of_an_open_d__steps200.yaml' mode='r' encoding='cp1252'>, Tiempo de edicion: 209.73 segundos
2023-11-27 10:34:14,059 - INFO - Archivo YAML: <_io.TextIOWrapper name='C:/Tesis/pnp-diffusers/config/200_steps\\door__A_photo_of_a_door_fo__steps200.yaml' mode='r' encoding='cp1252'>, Tiempo de edicion: 219.02 segundos
2023-11-27 10:37:44,933 - INFO - Archivo YAML: <_io.TextIOWrapper name='C:/Tesis/pnp-diffusers/config/200_steps\\drinking_horse__A_horse_raising_its___steps200.yaml' mode='r' encoding='cp1252'>, Tiempo de edicion: 210.87 segundos
2023-11-27 10:41:25,749 - INFO - Archivo YAML: <_io.TextIOWrapper name='C:/Tesis/pnp-diffusers/config/200_steps\\egg_tree__A_cracked_egg.__steps200.yaml' mode='r' encoding='cp1252'>, Tiempo de edicion: 220.81 segundos
2023-11-27 10:44:57,728 - INFO - Archivo YAML: <_io.TextIOWrapper name='C:/Tesis/pnp-diffusers/config/200_steps\\elephant__An_elephant_in_a_cir__steps200.yaml' mode='r' encoding='cp1252'>, Tiempo de edicion: 211.97 segundos
2023-11-27 10:48:35,819 - INFO - Archivo YAML: <_io.TextIOWrapper name='C:/Tesis/pnp-diffusers/config/200_steps\\elephant__A_person_riding_on_a__steps200.yaml' mode='r' encoding='cp1252'>, Tiempo de edicion: 218.07 segundos
2023-11-27 10:52:22,209 - INFO - Archivo YAML: <_io.TextIOWrapper name='C:/Tesis/pnp-diffusers/config/200_steps\\elephant__A_standing_elephant.__steps200.yaml' mode='r' encoding='cp1252'>, Tiempo de edicion: 226.38 segundos
2023-11-27 10:56:48,309 - INFO - Archivo YAML: <_io.TextIOWrapper name='C:/Tesis/pnp-diffusers/config/200_steps\\empty_street__A_busy_congested_str__steps200.yaml' mode='r' encoding='cp1252'>, Tiempo de edicion: 266.09 segundos
2023-11-27 11:01:05,568 - INFO - Archivo YAML: <_io.TextIOWrapper name='C:/Tesis/pnp-diffusers/config/200_steps\\flamingo__A_sitting_flamingo.__steps200.yaml' mode='r' encoding='cp1252'>, Tiempo de edicion: 257.25 segundos
2023-11-27 11:05:12,312 - INFO - Archivo YAML: <_io.TextIOWrapper name='C:/Tesis/pnp-diffusers/config/200_steps\\giraffe__A_giraffe_with_a_sho__steps200.yaml' mode='r' encoding='cp1252'>, Tiempo de edicion: 246.74 segundos
2023-11-27 11:09:16,863 - INFO - Archivo YAML: <_io.TextIOWrapper name='C:/Tesis/pnp-diffusers/config/200_steps\\giraffe__A_photo_of_a_giraffe__steps200.yaml' mode='r' encoding='cp1252'>, Tiempo de edicion: 244.54 segundos
2023-11-27 11:13:22,673 - INFO - Archivo YAML: <_io.TextIOWrapper name='C:/Tesis/pnp-diffusers/config/200_steps\\giraffe__A_photo_of_a_sitting__steps200.yaml' mode='r' encoding='cp1252'>, Tiempo de edicion: 245.80 segundos
2023-11-27 11:17:31,141 - INFO - Archivo YAML: <_io.TextIOWrapper name='C:/Tesis/pnp-diffusers/config/200_steps\\goat_and_cat__A_goat_and_a_cat_hug__steps200.yaml' mode='r' encoding='cp1252'>, Tiempo de edicion: 248.46 segundos
2023-11-27 11:21:45,102 - INFO - Archivo YAML: <_io.TextIOWrapper name='C:/Tesis/pnp-diffusers/config/200_steps\\goat_and_cat__A_goat_hits_a_cat.__steps200.yaml' mode='r' encoding='cp1252'>, Tiempo de edicion: 253.95 segundos
2023-11-27 11:25:42,668 - INFO - Archivo YAML: <_io.TextIOWrapper name='C:/Tesis/pnp-diffusers/config/200_steps\\goat_and_cat__A_goat_jumping_over___steps200.yaml' mode='r' encoding='cp1252'>, Tiempo de edicion: 237.56 segundos
2023-11-27 11:29:47,104 - INFO - Archivo YAML: <_io.TextIOWrapper name='C:/Tesis/pnp-diffusers/config/200_steps\\goat_and_cat__A_goat_to_the_right___steps200.yaml' mode='r' encoding='cp1252'>, Tiempo de edicion: 244.43 segundos
2023-11-27 11:33:56,532 - INFO - Archivo YAML: <_io.TextIOWrapper name='C:/Tesis/pnp-diffusers/config/200_steps\\milk_cookie__A_cookie_next_to_a_g__steps200.yaml' mode='r' encoding='cp1252'>, Tiempo de edicion: 249.42 segundos
2023-11-27 11:37:55,651 - INFO - Archivo YAML: <_io.TextIOWrapper name='C:/Tesis/pnp-diffusers/config/200_steps\\new_cat_3__A_photo_of_a_cat_fac__steps200.yaml' mode='r' encoding='cp1252'>, Tiempo de edicion: 239.11 segundos
2023-11-27 11:41:54,695 - INFO - Archivo YAML: <_io.TextIOWrapper name='C:/Tesis/pnp-diffusers/config/200_steps\\new_cat_3__A_photo_of_a_cat_fro__steps200.yaml' mode='r' encoding='cp1252'>, Tiempo de edicion: 239.03 segundos
2023-11-27 11:45:48,875 - INFO - Archivo YAML: <_io.TextIOWrapper name='C:/Tesis/pnp-diffusers/config/200_steps\\new_cat_3__A_photo_of_a_jumping__steps200.yaml' mode='r' encoding='cp1252'>, Tiempo de edicion: 234.17 segundos
2023-11-27 11:49:42,718 - INFO - Archivo YAML: <_io.TextIOWrapper name='C:/Tesis/pnp-diffusers/config/200_steps\\new_cat_3__A_photo_of_a_sleepin__steps200.yaml' mode='r' encoding='cp1252'>, Tiempo de edicion: 233.83 segundos
2023-11-27 11:53:36,287 - INFO - Archivo YAML: <_io.TextIOWrapper name='C:/Tesis/pnp-diffusers/config/200_steps\\new_cat_3__A_photo_of_a_standin__steps200.yaml' mode='r' encoding='cp1252'>, Tiempo de edicion: 233.56 segundos
2023-11-27 11:57:42,464 - INFO - Archivo YAML: <_io.TextIOWrapper name='C:/Tesis/pnp-diffusers/config/200_steps\\open_book__A_photo_of_a_closed___steps200.yaml' mode='r' encoding='cp1252'>, Tiempo de edicion: 246.17 segundos
2023-11-27 12:01:35,978 - INFO - Archivo YAML: <_io.TextIOWrapper name='C:/Tesis/pnp-diffusers/config/200_steps\\pizza1__A_half_eaten_pizza.__steps200.yaml' mode='r' encoding='cp1252'>, Tiempo de edicion: 233.51 segundos
2023-11-27 12:05:27,677 - INFO - Archivo YAML: <_io.TextIOWrapper name='C:/Tesis/pnp-diffusers/config/200_steps\\pizza1__Pizza_with_pepperoni__steps200.yaml' mode='r' encoding='cp1252'>, Tiempo de edicion: 231.69 segundos
2023-11-27 12:09:31,270 - INFO - Archivo YAML: <_io.TextIOWrapper name='C:/Tesis/pnp-diffusers/config/200_steps\\pizza1__Pizza_with_pineapple__steps200.yaml' mode='r' encoding='cp1252'>, Tiempo de edicion: 243.59 segundos
2023-11-27 12:13:35,284 - INFO - Archivo YAML: <_io.TextIOWrapper name='C:/Tesis/pnp-diffusers/config/200_steps\\prague__A_cyclist_riding_in___steps200.yaml' mode='r' encoding='cp1252'>, Tiempo de edicion: 244.01 segundos
2023-11-27 12:17:28,102 - INFO - Archivo YAML: <_io.TextIOWrapper name='C:/Tesis/pnp-diffusers/config/200_steps\\prague__A_parade_on_a_street__steps200.yaml' mode='r' encoding='cp1252'>, Tiempo de edicion: 232.81 segundos
2023-11-27 12:21:19,735 - INFO - Archivo YAML: <_io.TextIOWrapper name='C:/Tesis/pnp-diffusers/config/200_steps\\prague__A_photo_of_a_coffee___steps200.yaml' mode='r' encoding='cp1252'>, Tiempo de edicion: 231.62 segundos
2023-11-27 12:25:24,975 - INFO - Archivo YAML: <_io.TextIOWrapper name='C:/Tesis/pnp-diffusers/config/200_steps\\red_car__A_car_in_the_year_19__steps200.yaml' mode='r' encoding='cp1252'>, Tiempo de edicion: 245.23 segundos
2023-11-27 12:29:51,168 - INFO - Archivo YAML: <_io.TextIOWrapper name='C:/Tesis/pnp-diffusers/config/200_steps\\red_car__A_convertable_car.__steps200.yaml' mode='r' encoding='cp1252'>, Tiempo de edicion: 266.19 segundos
2023-11-27 12:34:15,320 - INFO - Archivo YAML: <_io.TextIOWrapper name='C:/Tesis/pnp-diffusers/config/200_steps\\red_car__A_photo_of_a_car_in___steps200.yaml' mode='r' encoding='cp1252'>, Tiempo de edicion: 264.15 segundos
2023-11-27 12:38:28,552 - INFO - Archivo YAML: <_io.TextIOWrapper name='C:/Tesis/pnp-diffusers/config/200_steps\\red_car__A_race_car.__steps200.yaml' mode='r' encoding='cp1252'>, Tiempo de edicion: 253.22 segundos
2023-11-27 12:42:42,869 - INFO - Archivo YAML: <_io.TextIOWrapper name='C:/Tesis/pnp-diffusers/config/200_steps\\road1__An_image_of_a_post_a__steps200.yaml' mode='r' encoding='cp1252'>, Tiempo de edicion: 254.31 segundos
2023-11-27 12:47:05,531 - INFO - Archivo YAML: <_io.TextIOWrapper name='C:/Tesis/pnp-diffusers/config/200_steps\\road1__A_photo_of_a_traffic__steps200.yaml' mode='r' encoding='cp1252'>, Tiempo de edicion: 262.65 segundos
2023-11-27 12:51:17,675 - INFO - Archivo YAML: <_io.TextIOWrapper name='C:/Tesis/pnp-diffusers/config/200_steps\\teddy_1__A_photo_of_a_dancing__steps200.yaml' mode='r' encoding='cp1252'>, Tiempo de edicion: 252.14 segundos
2023-11-27 12:55:44,812 - INFO - Archivo YAML: <_io.TextIOWrapper name='C:/Tesis/pnp-diffusers/config/200_steps\\teddy_1__A_photo_of_a_standin__steps200.yaml' mode='r' encoding='cp1252'>, Tiempo de edicion: 267.13 segundos
2023-11-27 13:00:09,784 - INFO - Archivo YAML: <_io.TextIOWrapper name='C:/Tesis/pnp-diffusers/config/200_steps\\teddy_1__A_photo_of_a_teddy_b__steps200.yaml' mode='r' encoding='cp1252'>, Tiempo de edicion: 264.97 segundos
2023-11-27 13:04:34,505 - INFO - Archivo YAML: <_io.TextIOWrapper name='C:/Tesis/pnp-diffusers/config/200_steps\\teddy_1__A_teddy_bear_holding__steps200.yaml' mode='r' encoding='cp1252'>, Tiempo de edicion: 264.71 segundos
2023-11-27 13:09:07,827 - INFO - Archivo YAML: <_io.TextIOWrapper name='C:/Tesis/pnp-diffusers/config/200_steps\\teddy_1__A_torn_up_teddy_bear__steps200.yaml' mode='r' encoding='cp1252'>, Tiempo de edicion: 273.31 segundos
2023-11-27 13:13:37,832 - INFO - Archivo YAML: <_io.TextIOWrapper name='C:/Tesis/pnp-diffusers/config/200_steps\\tennis_ball__A_photo_of_a_tomato___steps200.yaml' mode='r' encoding='cp1252'>, Tiempo de edicion: 270.00 segundos
2023-11-27 13:17:59,730 - INFO - Archivo YAML: <_io.TextIOWrapper name='C:/Tesis/pnp-diffusers/config/200_steps\\tree_1__An_apple_tree.__steps200.yaml' mode='r' encoding='cp1252'>, Tiempo de edicion: 261.89 segundos
2023-11-27 13:22:20,467 - INFO - Archivo YAML: <_io.TextIOWrapper name='C:/Tesis/pnp-diffusers/config/200_steps\\tree_1__A_photo_of_a_dead_tr__steps200.yaml' mode='r' encoding='cp1252'>, Tiempo de edicion: 260.73 segundos
2023-11-27 13:26:39,410 - INFO - Archivo YAML: <_io.TextIOWrapper name='C:/Tesis/pnp-diffusers/config/200_steps\\tree_1__A_photo_of_a_fruitfu__steps200.yaml' mode='r' encoding='cp1252'>, Tiempo de edicion: 258.93 segundos
2023-11-27 13:30:59,557 - INFO - Archivo YAML: <_io.TextIOWrapper name='C:/Tesis/pnp-diffusers/config/200_steps\\tree_1__A_photo_of_a_tree._T__steps200.yaml' mode='r' encoding='cp1252'>, Tiempo de edicion: 260.13 segundos
2023-11-27 13:35:17,658 - INFO - Archivo YAML: <_io.TextIOWrapper name='C:/Tesis/pnp-diffusers/config/200_steps\\tree_1__A_photo_of_a_willow___steps200.yaml' mode='r' encoding='cp1252'>, Tiempo de edicion: 258.09 segundos
2023-11-27 13:39:36,645 - INFO - Archivo YAML: <_io.TextIOWrapper name='C:/Tesis/pnp-diffusers/config/200_steps\\two_dogs_with_checkered_shirts1__Two_dogs_growling_at__steps200.yaml' mode='r' encoding='cp1252'>, Tiempo de edicion: 258.98 segundos
2023-11-27 13:43:55,524 - INFO - Archivo YAML: <_io.TextIOWrapper name='C:/Tesis/pnp-diffusers/config/200_steps\\vase_01__A_photo_of_a_vase_of__steps200.yaml' mode='r' encoding='cp1252'>, Tiempo de edicion: 258.87 segundos
2023-11-27 13:48:22,778 - INFO - Archivo YAML: <_io.TextIOWrapper name='C:/Tesis/pnp-diffusers/config/200_steps\\vase_01__A_pot_of_flowers.__steps200.yaml' mode='r' encoding='cp1252'>, Tiempo de edicion: 267.25 segundos
2023-11-27 13:52:41,999 - INFO - Archivo YAML: <_io.TextIOWrapper name='C:/Tesis/pnp-diffusers/config/200_steps\\vase_01__A_vase_of_flowers_fi__steps200.yaml' mode='r' encoding='cp1252'>, Tiempo de edicion: 259.21 segundos
2023-11-27 13:57:01,088 - INFO - Archivo YAML: <_io.TextIOWrapper name='C:/Tesis/pnp-diffusers/config/200_steps\\white_horse1__A_snow_princess_next__steps200.yaml' mode='r' encoding='cp1252'>, Tiempo de edicion: 259.07 segundos
2023-11-27 14:01:19,253 - INFO - Archivo YAML: <_io.TextIOWrapper name='C:/Tesis/pnp-diffusers/config/200_steps\\white_horse1__A_white_horse_in_a_g__steps200.yaml' mode='r' encoding='cp1252'>, Tiempo de edicion: 258.16 segundos
2023-11-27 14:05:38,510 - INFO - Archivo YAML: <_io.TextIOWrapper name='C:/Tesis/pnp-diffusers/config/200_steps\\white_horse2__A_circus_horse.__steps200.yaml' mode='r' encoding='cp1252'>, Tiempo de edicion: 259.25 segundos
2023-11-27 14:10:12,082 - INFO - Archivo YAML: <_io.TextIOWrapper name='C:/Tesis/pnp-diffusers/config/200_steps\\white_horse2__A_girl_riding_a_hors__steps200.yaml' mode='r' encoding='cp1252'>, Tiempo de edicion: 273.56 segundos
2023-11-27 14:14:37,151 - INFO - Archivo YAML: <_io.TextIOWrapper name='C:/Tesis/pnp-diffusers/config/200_steps\\white_horse2__A_horse_in_a_show_ju__steps200.yaml' mode='r' encoding='cp1252'>, Tiempo de edicion: 265.06 segundos
2023-11-27 14:19:01,184 - INFO - Archivo YAML: <_io.TextIOWrapper name='C:/Tesis/pnp-diffusers/config/200_steps\\white_horse2__A_jumping_horse.__steps200.yaml' mode='r' encoding='cp1252'>, Tiempo de edicion: 264.03 segundos
2023-11-27 14:23:19,301 - INFO - Archivo YAML: <_io.TextIOWrapper name='C:/Tesis/pnp-diffusers/config/200_steps\\white_horse2__A_photo_of_a_zebra.__steps200.yaml' mode='r' encoding='cp1252'>, Tiempo de edicion: 258.11 segundos
2023-11-27 14:27:37,202 - INFO - Archivo YAML: <_io.TextIOWrapper name='C:/Tesis/pnp-diffusers/config/200_steps\\white_horse2__A_standing_horse.__steps200.yaml' mode='r' encoding='cp1252'>, Tiempo de edicion: 257.89 segundos
2023-11-27 14:32:05,608 - INFO - Archivo YAML: <_io.TextIOWrapper name='C:/Tesis/pnp-diffusers/config/200_steps\\zebra__A_photo_of_a_horse.__steps200.yaml' mode='r' encoding='cp1252'>, Tiempo de edicion: 268.40 segundos
