2023-11-26 23:44:16,815 - INFO - Archivo YAML: <_io.TextIOWrapper name='C:/Tesis/pnp-diffusers/config/25_steps\\apples__A_basket_of_oranges.__steps25.yaml' mode='r' encoding='cp1252'>, Tiempo de edicion: 79.81 segundos
2023-11-26 23:46:21,843 - INFO - Archivo YAML: <_io.TextIOWrapper name='C:/Tesis/pnp-diffusers/config/25_steps\\apples__A_basket_of_oranges.__steps25.yaml' mode='r' encoding='cp1252'>, Tiempo de edicion: 73.75 segundos
2023-11-26 23:47:37,591 - INFO - Archivo YAML: <_io.TextIOWrapper name='C:/Tesis/pnp-diffusers/config/25_steps\\apples__A_bowl_of_apples.__steps25.yaml' mode='r' encoding='cp1252'>, Tiempo de edicion: 75.74 segundos
2023-11-26 23:48:58,014 - INFO - Archivo YAML: <_io.TextIOWrapper name='C:/Tesis/pnp-diffusers/config/25_steps\\banana_1__A_photo_of_a_peeled___steps25.yaml' mode='r' encoding='cp1252'>, Tiempo de edicion: 80.40 segundos
2023-11-26 23:50:15,502 - INFO - Archivo YAML: <_io.TextIOWrapper name='C:/Tesis/pnp-diffusers/config/25_steps\\banana_1__A_photo_of_a_rotten___steps25.yaml' mode='r' encoding='cp1252'>, Tiempo de edicion: 77.47 segundos
2023-11-26 23:51:28,452 - INFO - Archivo YAML: <_io.TextIOWrapper name='C:/Tesis/pnp-diffusers/config/25_steps\\banana_1__A_photo_of_a_sliced___steps25.yaml' mode='r' encoding='cp1252'>, Tiempo de edicion: 72.93 segundos
2023-11-26 23:52:41,932 - INFO - Archivo YAML: <_io.TextIOWrapper name='C:/Tesis/pnp-diffusers/config/25_steps\\banana_1__Two_bananas.__steps25.yaml' mode='r' encoding='cp1252'>, Tiempo de edicion: 73.45 segundos
2023-11-26 23:53:56,252 - INFO - Archivo YAML: <_io.TextIOWrapper name='C:/Tesis/pnp-diffusers/config/25_steps\\bear3__A_bear_eating_a_fish__steps25.yaml' mode='r' encoding='cp1252'>, Tiempo de edicion: 74.30 segundos
2023-11-26 23:55:06,916 - INFO - Archivo YAML: <_io.TextIOWrapper name='C:/Tesis/pnp-diffusers/config/25_steps\\bear3__A_black_bear_is_walk__steps25.yaml' mode='r' encoding='cp1252'>, Tiempo de edicion: 70.64 segundos
2023-11-26 23:56:25,474 - INFO - Archivo YAML: <_io.TextIOWrapper name='C:/Tesis/pnp-diffusers/config/25_steps\\bear3__A_standing_bear.__steps25.yaml' mode='r' encoding='cp1252'>, Tiempo de edicion: 78.54 segundos
2023-11-26 23:57:43,017 - INFO - Archivo YAML: <_io.TextIOWrapper name='C:/Tesis/pnp-diffusers/config/25_steps\\bird-g83440b9c4_1920__Two_kissing_parrots.__steps25.yaml' mode='r' encoding='cp1252'>, Tiempo de edicion: 77.52 segundos
2023-11-26 23:59:00,121 - INFO - Archivo YAML: <_io.TextIOWrapper name='C:/Tesis/pnp-diffusers/config/25_steps\\bird__A_bird_eating_a_fish__steps25.yaml' mode='r' encoding='cp1252'>, Tiempo de edicion: 77.07 segundos
2023-11-27 00:00:14,512 - INFO - Archivo YAML: <_io.TextIOWrapper name='C:/Tesis/pnp-diffusers/config/25_steps\\bird__A_bird_looking_backw__steps25.yaml' mode='r' encoding='cp1252'>, Tiempo de edicion: 74.37 segundos
2023-11-27 00:01:30,152 - INFO - Archivo YAML: <_io.TextIOWrapper name='C:/Tesis/pnp-diffusers/config/25_steps\\bird__A_photo_of_a_bird_cl__steps25.yaml' mode='r' encoding='cp1252'>, Tiempo de edicion: 75.63 segundos
2023-11-27 00:02:45,231 - INFO - Archivo YAML: <_io.TextIOWrapper name='C:/Tesis/pnp-diffusers/config/25_steps\\bird__A_photo_of_a_bird_le__steps25.yaml' mode='r' encoding='cp1252'>, Tiempo de edicion: 75.07 segundos
2023-11-27 00:03:59,134 - INFO - Archivo YAML: <_io.TextIOWrapper name='C:/Tesis/pnp-diffusers/config/25_steps\\bird__A_photo_of_a_bird_sp__steps25.yaml' mode='r' encoding='cp1252'>, Tiempo de edicion: 73.89 segundos
2023-11-27 00:05:14,672 - INFO - Archivo YAML: <_io.TextIOWrapper name='C:/Tesis/pnp-diffusers/config/25_steps\\black_shirt__A_person_clapping_th__steps25.yaml' mode='r' encoding='cp1252'>, Tiempo de edicion: 75.52 segundos
2023-11-27 00:06:32,734 - INFO - Archivo YAML: <_io.TextIOWrapper name='C:/Tesis/pnp-diffusers/config/25_steps\\black_shirt__A_person_giving_a_th__steps25.yaml' mode='r' encoding='cp1252'>, Tiempo de edicion: 78.05 segundos
2023-11-27 00:07:50,934 - INFO - Archivo YAML: <_io.TextIOWrapper name='C:/Tesis/pnp-diffusers/config/25_steps\\black_shirt__A_person_in_a_greett__steps25.yaml' mode='r' encoding='cp1252'>, Tiempo de edicion: 78.18 segundos
2023-11-27 00:09:04,416 - INFO - Archivo YAML: <_io.TextIOWrapper name='C:/Tesis/pnp-diffusers/config/25_steps\\black_shirt__A_person_with_crosse__steps25.yaml' mode='r' encoding='cp1252'>, Tiempo de edicion: 73.47 segundos
2023-11-27 00:10:15,907 - INFO - Archivo YAML: <_io.TextIOWrapper name='C:/Tesis/pnp-diffusers/config/25_steps\\box__A_photo_of_an_open_b__steps25.yaml' mode='r' encoding='cp1252'>, Tiempo de edicion: 71.48 segundos
2023-11-27 00:11:32,741 - INFO - Archivo YAML: <_io.TextIOWrapper name='C:/Tesis/pnp-diffusers/config/25_steps\\cake_1__A_photo_of_a_birthda__steps25.yaml' mode='r' encoding='cp1252'>, Tiempo de edicion: 76.82 segundos
2023-11-27 00:12:50,413 - INFO - Archivo YAML: <_io.TextIOWrapper name='C:/Tesis/pnp-diffusers/config/25_steps\\cat_3__A_photo_of_a_cat_wea__steps25.yaml' mode='r' encoding='cp1252'>, Tiempo de edicion: 77.66 segundos
2023-11-27 00:14:08,763 - INFO - Archivo YAML: <_io.TextIOWrapper name='C:/Tesis/pnp-diffusers/config/25_steps\\cat_3__A_photo_of_a_cat_yaw__steps25.yaml' mode='r' encoding='cp1252'>, Tiempo de edicion: 78.34 segundos
2023-11-27 00:15:22,654 - INFO - Archivo YAML: <_io.TextIOWrapper name='C:/Tesis/pnp-diffusers/config/25_steps\\cat__A_photo_of_a_cat_in___steps25.yaml' mode='r' encoding='cp1252'>, Tiempo de edicion: 73.88 segundos
2023-11-27 00:16:37,800 - INFO - Archivo YAML: <_io.TextIOWrapper name='C:/Tesis/pnp-diffusers/config/25_steps\\cat__A_photo_of_a_cat_wea__steps25.yaml' mode='r' encoding='cp1252'>, Tiempo de edicion: 75.13 segundos
2023-11-27 00:17:51,432 - INFO - Archivo YAML: <_io.TextIOWrapper name='C:/Tesis/pnp-diffusers/config/25_steps\\chair_1__A_knocked_down_chair__steps25.yaml' mode='r' encoding='cp1252'>, Tiempo de edicion: 73.62 segundos
2023-11-27 00:19:03,425 - INFO - Archivo YAML: <_io.TextIOWrapper name='C:/Tesis/pnp-diffusers/config/25_steps\\chair_1__A_photo_of_a_chair_s__steps25.yaml' mode='r' encoding='cp1252'>, Tiempo de edicion: 71.98 segundos
2023-11-27 00:20:16,187 - INFO - Archivo YAML: <_io.TextIOWrapper name='C:/Tesis/pnp-diffusers/config/25_steps\\chibi__Image_of_a_cat_weari__steps25.yaml' mode='r' encoding='cp1252'>, Tiempo de edicion: 72.75 segundos
2023-11-27 00:21:28,436 - INFO - Archivo YAML: <_io.TextIOWrapper name='C:/Tesis/pnp-diffusers/config/25_steps\\couple_beach__A_photo_of_a_couple___steps25.yaml' mode='r' encoding='cp1252'>, Tiempo de edicion: 72.23 segundos
2023-11-27 00:22:41,124 - INFO - Archivo YAML: <_io.TextIOWrapper name='C:/Tesis/pnp-diffusers/config/25_steps\\dog2_standing__A_photo_of_a_breakda__steps25.yaml' mode='r' encoding='cp1252'>, Tiempo de edicion: 72.67 segundos
2023-11-27 00:23:52,877 - INFO - Archivo YAML: <_io.TextIOWrapper name='C:/Tesis/pnp-diffusers/config/25_steps\\dog2_standing__A_photo_of_a_dog_lay__steps25.yaml' mode='r' encoding='cp1252'>, Tiempo de edicion: 71.72 segundos
2023-11-27 00:25:06,142 - INFO - Archivo YAML: <_io.TextIOWrapper name='C:/Tesis/pnp-diffusers/config/25_steps\\dog2_standing__A_photo_of_a_jumping__steps25.yaml' mode='r' encoding='cp1252'>, Tiempo de edicion: 73.25 segundos
2023-11-27 00:26:19,383 - INFO - Archivo YAML: <_io.TextIOWrapper name='C:/Tesis/pnp-diffusers/config/25_steps\\dog2_standing__A_photo_of_a_sitting__steps25.yaml' mode='r' encoding='cp1252'>, Tiempo de edicion: 73.23 segundos
2023-11-27 00:27:29,984 - INFO - Archivo YAML: <_io.TextIOWrapper name='C:/Tesis/pnp-diffusers/config/25_steps\\dog2_standing__A_photo_of_a_yawning__steps25.yaml' mode='r' encoding='cp1252'>, Tiempo de edicion: 70.59 segundos
2023-11-27 00:28:44,707 - INFO - Archivo YAML: <_io.TextIOWrapper name='C:/Tesis/pnp-diffusers/config/25_steps\\dog_01__A_photo_of_a_jumping__steps25.yaml' mode='r' encoding='cp1252'>, Tiempo de edicion: 74.71 segundos
2023-11-27 00:29:57,872 - INFO - Archivo YAML: <_io.TextIOWrapper name='C:/Tesis/pnp-diffusers/config/25_steps\\dog_01__A_photo_of_a_sitting__steps25.yaml' mode='r' encoding='cp1252'>, Tiempo de edicion: 73.15 segundos
2023-11-27 00:31:11,361 - INFO - Archivo YAML: <_io.TextIOWrapper name='C:/Tesis/pnp-diffusers/config/25_steps\\dog_with_shirt__A_dog_smoking_a_ciga__steps25.yaml' mode='r' encoding='cp1252'>, Tiempo de edicion: 73.47 segundos
2023-11-27 00:32:25,679 - INFO - Archivo YAML: <_io.TextIOWrapper name='C:/Tesis/pnp-diffusers/config/25_steps\\door__A_door_with_a_pet_en__steps25.yaml' mode='r' encoding='cp1252'>, Tiempo de edicion: 74.30 segundos
2023-11-27 00:33:41,512 - INFO - Archivo YAML: <_io.TextIOWrapper name='C:/Tesis/pnp-diffusers/config/25_steps\\door__A_photo_of_an_open_d__steps25.yaml' mode='r' encoding='cp1252'>, Tiempo de edicion: 75.82 segundos
2023-11-27 00:34:54,347 - INFO - Archivo YAML: <_io.TextIOWrapper name='C:/Tesis/pnp-diffusers/config/25_steps\\door__A_photo_of_a_door_fo__steps25.yaml' mode='r' encoding='cp1252'>, Tiempo de edicion: 72.82 segundos
2023-11-27 00:36:05,412 - INFO - Archivo YAML: <_io.TextIOWrapper name='C:/Tesis/pnp-diffusers/config/25_steps\\drinking_horse__A_horse_raising_its___steps25.yaml' mode='r' encoding='cp1252'>, Tiempo de edicion: 71.04 segundos
2023-11-27 00:37:21,195 - INFO - Archivo YAML: <_io.TextIOWrapper name='C:/Tesis/pnp-diffusers/config/25_steps\\egg_tree__A_cracked_egg.__steps25.yaml' mode='r' encoding='cp1252'>, Tiempo de edicion: 75.77 segundos
2023-11-27 00:38:34,802 - INFO - Archivo YAML: <_io.TextIOWrapper name='C:/Tesis/pnp-diffusers/config/25_steps\\elephant__An_elephant_in_a_cir__steps25.yaml' mode='r' encoding='cp1252'>, Tiempo de edicion: 73.60 segundos
2023-11-27 00:39:45,282 - INFO - Archivo YAML: <_io.TextIOWrapper name='C:/Tesis/pnp-diffusers/config/25_steps\\elephant__A_person_riding_on_a__steps25.yaml' mode='r' encoding='cp1252'>, Tiempo de edicion: 70.47 segundos
2023-11-27 00:40:55,069 - INFO - Archivo YAML: <_io.TextIOWrapper name='C:/Tesis/pnp-diffusers/config/25_steps\\elephant__A_standing_elephant.__steps25.yaml' mode='r' encoding='cp1252'>, Tiempo de edicion: 69.77 segundos
2023-11-27 00:42:11,395 - INFO - Archivo YAML: <_io.TextIOWrapper name='C:/Tesis/pnp-diffusers/config/25_steps\\empty_street__A_busy_congested_str__steps25.yaml' mode='r' encoding='cp1252'>, Tiempo de edicion: 76.31 segundos
2023-11-27 00:43:25,233 - INFO - Archivo YAML: <_io.TextIOWrapper name='C:/Tesis/pnp-diffusers/config/25_steps\\flamingo__A_sitting_flamingo.__steps25.yaml' mode='r' encoding='cp1252'>, Tiempo de edicion: 73.81 segundos
2023-11-27 00:44:37,246 - INFO - Archivo YAML: <_io.TextIOWrapper name='C:/Tesis/pnp-diffusers/config/25_steps\\giraffe__A_giraffe_with_a_sho__steps25.yaml' mode='r' encoding='cp1252'>, Tiempo de edicion: 72.00 segundos
2023-11-27 00:45:50,394 - INFO - Archivo YAML: <_io.TextIOWrapper name='C:/Tesis/pnp-diffusers/config/25_steps\\giraffe__A_photo_of_a_giraffe__steps25.yaml' mode='r' encoding='cp1252'>, Tiempo de edicion: 73.14 segundos
2023-11-27 00:47:03,996 - INFO - Archivo YAML: <_io.TextIOWrapper name='C:/Tesis/pnp-diffusers/config/25_steps\\giraffe__A_photo_of_a_sitting__steps25.yaml' mode='r' encoding='cp1252'>, Tiempo de edicion: 73.59 segundos
2023-11-27 00:48:17,994 - INFO - Archivo YAML: <_io.TextIOWrapper name='C:/Tesis/pnp-diffusers/config/25_steps\\goat_and_cat__A_goat_and_a_cat_hug__steps25.yaml' mode='r' encoding='cp1252'>, Tiempo de edicion: 73.99 segundos
2023-11-27 00:49:31,212 - INFO - Archivo YAML: <_io.TextIOWrapper name='C:/Tesis/pnp-diffusers/config/25_steps\\goat_and_cat__A_goat_hits_a_cat.__steps25.yaml' mode='r' encoding='cp1252'>, Tiempo de edicion: 73.20 segundos
2023-11-27 00:50:44,175 - INFO - Archivo YAML: <_io.TextIOWrapper name='C:/Tesis/pnp-diffusers/config/25_steps\\goat_and_cat__A_goat_jumping_over___steps25.yaml' mode='r' encoding='cp1252'>, Tiempo de edicion: 72.95 segundos
2023-11-27 00:51:55,918 - INFO - Archivo YAML: <_io.TextIOWrapper name='C:/Tesis/pnp-diffusers/config/25_steps\\goat_and_cat__A_goat_to_the_right___steps25.yaml' mode='r' encoding='cp1252'>, Tiempo de edicion: 71.73 segundos
2023-11-27 00:53:10,787 - INFO - Archivo YAML: <_io.TextIOWrapper name='C:/Tesis/pnp-diffusers/config/25_steps\\milk_cookie__A_cookie_next_to_a_g__steps25.yaml' mode='r' encoding='cp1252'>, Tiempo de edicion: 74.85 segundos
2023-11-27 00:54:25,931 - INFO - Archivo YAML: <_io.TextIOWrapper name='C:/Tesis/pnp-diffusers/config/25_steps\\new_cat_3__A_photo_of_a_cat_fac__steps25.yaml' mode='r' encoding='cp1252'>, Tiempo de edicion: 75.13 segundos
2023-11-27 00:55:39,100 - INFO - Archivo YAML: <_io.TextIOWrapper name='C:/Tesis/pnp-diffusers/config/25_steps\\new_cat_3__A_photo_of_a_cat_fro__steps25.yaml' mode='r' encoding='cp1252'>, Tiempo de edicion: 73.16 segundos
2023-11-27 00:56:49,757 - INFO - Archivo YAML: <_io.TextIOWrapper name='C:/Tesis/pnp-diffusers/config/25_steps\\new_cat_3__A_photo_of_a_jumping__steps25.yaml' mode='r' encoding='cp1252'>, Tiempo de edicion: 70.64 segundos
2023-11-27 00:58:02,558 - INFO - Archivo YAML: <_io.TextIOWrapper name='C:/Tesis/pnp-diffusers/config/25_steps\\new_cat_3__A_photo_of_a_sleepin__steps25.yaml' mode='r' encoding='cp1252'>, Tiempo de edicion: 72.78 segundos
2023-11-27 00:59:17,367 - INFO - Archivo YAML: <_io.TextIOWrapper name='C:/Tesis/pnp-diffusers/config/25_steps\\new_cat_3__A_photo_of_a_standin__steps25.yaml' mode='r' encoding='cp1252'>, Tiempo de edicion: 74.80 segundos
2023-11-27 01:00:31,119 - INFO - Archivo YAML: <_io.TextIOWrapper name='C:/Tesis/pnp-diffusers/config/25_steps\\open_book__A_photo_of_a_closed___steps25.yaml' mode='r' encoding='cp1252'>, Tiempo de edicion: 73.74 segundos
2023-11-27 01:01:44,943 - INFO - Archivo YAML: <_io.TextIOWrapper name='C:/Tesis/pnp-diffusers/config/25_steps\\pizza1__A_half_eaten_pizza.__steps25.yaml' mode='r' encoding='cp1252'>, Tiempo de edicion: 73.81 segundos
2023-11-27 01:02:55,632 - INFO - Archivo YAML: <_io.TextIOWrapper name='C:/Tesis/pnp-diffusers/config/25_steps\\pizza1__Pizza_with_pepperoni__steps25.yaml' mode='r' encoding='cp1252'>, Tiempo de edicion: 70.66 segundos
2023-11-27 01:04:07,728 - INFO - Archivo YAML: <_io.TextIOWrapper name='C:/Tesis/pnp-diffusers/config/25_steps\\pizza1__Pizza_with_pineapple__steps25.yaml' mode='r' encoding='cp1252'>, Tiempo de edicion: 72.08 segundos
2023-11-27 01:05:17,841 - INFO - Archivo YAML: <_io.TextIOWrapper name='C:/Tesis/pnp-diffusers/config/25_steps\\prague__A_cyclist_riding_in___steps25.yaml' mode='r' encoding='cp1252'>, Tiempo de edicion: 70.10 segundos
2023-11-27 01:06:30,103 - INFO - Archivo YAML: <_io.TextIOWrapper name='C:/Tesis/pnp-diffusers/config/25_steps\\prague__A_parade_on_a_street__steps25.yaml' mode='r' encoding='cp1252'>, Tiempo de edicion: 72.25 segundos
2023-11-27 01:07:40,766 - INFO - Archivo YAML: <_io.TextIOWrapper name='C:/Tesis/pnp-diffusers/config/25_steps\\prague__A_photo_of_a_coffee___steps25.yaml' mode='r' encoding='cp1252'>, Tiempo de edicion: 70.65 segundos
2023-11-27 01:08:51,891 - INFO - Archivo YAML: <_io.TextIOWrapper name='C:/Tesis/pnp-diffusers/config/25_steps\\red_car__A_car_in_the_year_19__steps25.yaml' mode='r' encoding='cp1252'>, Tiempo de edicion: 71.11 segundos
2023-11-27 01:10:05,438 - INFO - Archivo YAML: <_io.TextIOWrapper name='C:/Tesis/pnp-diffusers/config/25_steps\\red_car__A_convertable_car.__steps25.yaml' mode='r' encoding='cp1252'>, Tiempo de edicion: 73.53 segundos
2023-11-27 01:11:16,607 - INFO - Archivo YAML: <_io.TextIOWrapper name='C:/Tesis/pnp-diffusers/config/25_steps\\red_car__A_photo_of_a_car_in___steps25.yaml' mode='r' encoding='cp1252'>, Tiempo de edicion: 71.16 segundos
2023-11-27 01:12:27,209 - INFO - Archivo YAML: <_io.TextIOWrapper name='C:/Tesis/pnp-diffusers/config/25_steps\\red_car__A_race_car.__steps25.yaml' mode='r' encoding='cp1252'>, Tiempo de edicion: 70.59 segundos
2023-11-27 01:13:38,602 - INFO - Archivo YAML: <_io.TextIOWrapper name='C:/Tesis/pnp-diffusers/config/25_steps\\road1__An_image_of_a_post_a__steps25.yaml' mode='r' encoding='cp1252'>, Tiempo de edicion: 71.38 segundos
2023-11-27 01:14:45,972 - INFO - Archivo YAML: <_io.TextIOWrapper name='C:/Tesis/pnp-diffusers/config/25_steps\\road1__A_photo_of_a_traffic__steps25.yaml' mode='r' encoding='cp1252'>, Tiempo de edicion: 67.36 segundos
2023-11-27 01:15:56,774 - INFO - Archivo YAML: <_io.TextIOWrapper name='C:/Tesis/pnp-diffusers/config/25_steps\\teddy_1__A_photo_of_a_dancing__steps25.yaml' mode='r' encoding='cp1252'>, Tiempo de edicion: 70.79 segundos
2023-11-27 01:17:06,427 - INFO - Archivo YAML: <_io.TextIOWrapper name='C:/Tesis/pnp-diffusers/config/25_steps\\teddy_1__A_photo_of_a_standin__steps25.yaml' mode='r' encoding='cp1252'>, Tiempo de edicion: 69.64 segundos
2023-11-27 01:18:13,758 - INFO - Archivo YAML: <_io.TextIOWrapper name='C:/Tesis/pnp-diffusers/config/25_steps\\teddy_1__A_photo_of_a_teddy_b__steps25.yaml' mode='r' encoding='cp1252'>, Tiempo de edicion: 67.31 segundos
2023-11-27 01:19:21,612 - INFO - Archivo YAML: <_io.TextIOWrapper name='C:/Tesis/pnp-diffusers/config/25_steps\\teddy_1__A_teddy_bear_holding__steps25.yaml' mode='r' encoding='cp1252'>, Tiempo de edicion: 67.84 segundos
2023-11-27 01:20:32,860 - INFO - Archivo YAML: <_io.TextIOWrapper name='C:/Tesis/pnp-diffusers/config/25_steps\\teddy_1__A_torn_up_teddy_bear__steps25.yaml' mode='r' encoding='cp1252'>, Tiempo de edicion: 71.24 segundos
2023-11-27 01:21:43,699 - INFO - Archivo YAML: <_io.TextIOWrapper name='C:/Tesis/pnp-diffusers/config/25_steps\\tennis_ball__A_photo_of_a_tomato___steps25.yaml' mode='r' encoding='cp1252'>, Tiempo de edicion: 70.83 segundos
2023-11-27 01:22:50,896 - INFO - Archivo YAML: <_io.TextIOWrapper name='C:/Tesis/pnp-diffusers/config/25_steps\\tree_1__An_apple_tree.__steps25.yaml' mode='r' encoding='cp1252'>, Tiempo de edicion: 67.18 segundos
2023-11-27 01:24:01,730 - INFO - Archivo YAML: <_io.TextIOWrapper name='C:/Tesis/pnp-diffusers/config/25_steps\\tree_1__A_photo_of_a_dead_tr__steps25.yaml' mode='r' encoding='cp1252'>, Tiempo de edicion: 70.82 segundos
2023-11-27 01:25:12,015 - INFO - Archivo YAML: <_io.TextIOWrapper name='C:/Tesis/pnp-diffusers/config/25_steps\\tree_1__A_photo_of_a_fruitfu__steps25.yaml' mode='r' encoding='cp1252'>, Tiempo de edicion: 70.27 segundos
2023-11-27 01:26:18,603 - INFO - Archivo YAML: <_io.TextIOWrapper name='C:/Tesis/pnp-diffusers/config/25_steps\\tree_1__A_photo_of_a_tree._T__steps25.yaml' mode='r' encoding='cp1252'>, Tiempo de edicion: 66.58 segundos
2023-11-27 01:27:28,293 - INFO - Archivo YAML: <_io.TextIOWrapper name='C:/Tesis/pnp-diffusers/config/25_steps\\tree_1__A_photo_of_a_willow___steps25.yaml' mode='r' encoding='cp1252'>, Tiempo de edicion: 69.68 segundos
2023-11-27 01:28:37,860 - INFO - Archivo YAML: <_io.TextIOWrapper name='C:/Tesis/pnp-diffusers/config/25_steps\\two_dogs_with_checkered_shirts1__Two_dogs_growling_at__steps25.yaml' mode='r' encoding='cp1252'>, Tiempo de edicion: 69.55 segundos
2023-11-27 01:29:45,526 - INFO - Archivo YAML: <_io.TextIOWrapper name='C:/Tesis/pnp-diffusers/config/25_steps\\vase_01__A_photo_of_a_vase_of__steps25.yaml' mode='r' encoding='cp1252'>, Tiempo de edicion: 67.65 segundos
2023-11-27 01:31:03,442 - INFO - Archivo YAML: <_io.TextIOWrapper name='C:/Tesis/pnp-diffusers/config/25_steps\\vase_01__A_pot_of_flowers.__steps25.yaml' mode='r' encoding='cp1252'>, Tiempo de edicion: 77.90 segundos
2023-11-27 02:36:27,626 - INFO - Archivo YAML: <_io.TextIOWrapper name='C:/Tesis/pnp-diffusers/config/25_steps\\vase_01__A_photo_of_a_vase_of__steps25.yaml' mode='r' encoding='cp1252'>, Tiempo de edicion: 70.10 segundos
2023-11-27 02:37:33,771 - INFO - Archivo YAML: <_io.TextIOWrapper name='C:/Tesis/pnp-diffusers/config/25_steps\\vase_01__A_pot_of_flowers.__steps25.yaml' mode='r' encoding='cp1252'>, Tiempo de edicion: 66.14 segundos
2023-11-27 02:38:40,787 - INFO - Archivo YAML: <_io.TextIOWrapper name='C:/Tesis/pnp-diffusers/config/25_steps\\vase_01__A_vase_of_flowers_fi__steps25.yaml' mode='r' encoding='cp1252'>, Tiempo de edicion: 67.01 segundos
2023-11-27 02:39:51,441 - INFO - Archivo YAML: <_io.TextIOWrapper name='C:/Tesis/pnp-diffusers/config/25_steps\\white_horse1__A_snow_princess_next__steps25.yaml' mode='r' encoding='cp1252'>, Tiempo de edicion: 70.64 segundos
2023-11-27 02:41:01,533 - INFO - Archivo YAML: <_io.TextIOWrapper name='C:/Tesis/pnp-diffusers/config/25_steps\\white_horse1__A_white_horse_in_a_g__steps25.yaml' mode='r' encoding='cp1252'>, Tiempo de edicion: 70.08 segundos
2023-11-27 02:42:12,612 - INFO - Archivo YAML: <_io.TextIOWrapper name='C:/Tesis/pnp-diffusers/config/25_steps\\white_horse2__A_circus_horse.__steps25.yaml' mode='r' encoding='cp1252'>, Tiempo de edicion: 71.07 segundos
