2023-11-27 02:47:20,209 - INFO - Archivo YAML: <_io.TextIOWrapper name='C:/Tesis/pnp-diffusers/config/100_steps\\apples__A_basket_of_oranges.__steps100.yaml' mode='r' encoding='cp1252'>, Tiempo de edicion: 176.81 segundos
2023-11-27 02:49:56,824 - INFO - Archivo YAML: <_io.TextIOWrapper name='C:/Tesis/pnp-diffusers/config/100_steps\\apples__A_bowl_of_apples.__steps100.yaml' mode='r' encoding='cp1252'>, Tiempo de edicion: 156.61 segundos
2023-11-27 02:52:13,788 - INFO - Archivo YAML: <_io.TextIOWrapper name='C:/Tesis/pnp-diffusers/config/100_steps\\banana_1__A_photo_of_a_peeled___steps100.yaml' mode='r' encoding='cp1252'>, Tiempo de edicion: 136.96 segundos
2023-11-27 02:54:44,263 - INFO - Archivo YAML: <_io.TextIOWrapper name='C:/Tesis/pnp-diffusers/config/100_steps\\banana_1__A_photo_of_a_rotten___steps100.yaml' mode='r' encoding='cp1252'>, Tiempo de edicion: 150.47 segundos
2023-11-27 02:57:11,037 - INFO - Archivo YAML: <_io.TextIOWrapper name='C:/Tesis/pnp-diffusers/config/100_steps\\banana_1__A_photo_of_a_sliced___steps100.yaml' mode='r' encoding='cp1252'>, Tiempo de edicion: 146.76 segundos
2023-11-27 02:59:44,301 - INFO - Archivo YAML: <_io.TextIOWrapper name='C:/Tesis/pnp-diffusers/config/100_steps\\banana_1__Two_bananas.__steps100.yaml' mode='r' encoding='cp1252'>, Tiempo de edicion: 153.25 segundos
2023-11-27 03:02:00,735 - INFO - Archivo YAML: <_io.TextIOWrapper name='C:/Tesis/pnp-diffusers/config/100_steps\\bear3__A_bear_eating_a_fish__steps100.yaml' mode='r' encoding='cp1252'>, Tiempo de edicion: 136.43 segundos
2023-11-27 03:04:15,791 - INFO - Archivo YAML: <_io.TextIOWrapper name='C:/Tesis/pnp-diffusers/config/100_steps\\bear3__A_black_bear_is_walk__steps100.yaml' mode='r' encoding='cp1252'>, Tiempo de edicion: 135.05 segundos
2023-11-27 03:06:31,297 - INFO - Archivo YAML: <_io.TextIOWrapper name='C:/Tesis/pnp-diffusers/config/100_steps\\bear3__A_standing_bear.__steps100.yaml' mode='r' encoding='cp1252'>, Tiempo de edicion: 135.50 segundos
2023-11-27 03:08:46,613 - INFO - Archivo YAML: <_io.TextIOWrapper name='C:/Tesis/pnp-diffusers/config/100_steps\\bird-g83440b9c4_1920__Two_kissing_parrots.__steps100.yaml' mode='r' encoding='cp1252'>, Tiempo de edicion: 135.31 segundos
2023-11-27 03:11:02,274 - INFO - Archivo YAML: <_io.TextIOWrapper name='C:/Tesis/pnp-diffusers/config/100_steps\\bird__A_bird_eating_a_fish__steps100.yaml' mode='r' encoding='cp1252'>, Tiempo de edicion: 135.65 segundos
2023-11-27 03:13:16,741 - INFO - Archivo YAML: <_io.TextIOWrapper name='C:/Tesis/pnp-diffusers/config/100_steps\\bird__A_bird_looking_backw__steps100.yaml' mode='r' encoding='cp1252'>, Tiempo de edicion: 134.46 segundos
2023-11-27 03:15:31,729 - INFO - Archivo YAML: <_io.TextIOWrapper name='C:/Tesis/pnp-diffusers/config/100_steps\\bird__A_photo_of_a_bird_cl__steps100.yaml' mode='r' encoding='cp1252'>, Tiempo de edicion: 134.98 segundos
2023-11-27 03:17:46,794 - INFO - Archivo YAML: <_io.TextIOWrapper name='C:/Tesis/pnp-diffusers/config/100_steps\\bird__A_photo_of_a_bird_le__steps100.yaml' mode='r' encoding='cp1252'>, Tiempo de edicion: 135.06 segundos
2023-11-27 03:20:01,283 - INFO - Archivo YAML: <_io.TextIOWrapper name='C:/Tesis/pnp-diffusers/config/100_steps\\bird__A_photo_of_a_bird_sp__steps100.yaml' mode='r' encoding='cp1252'>, Tiempo de edicion: 134.48 segundos
2023-11-27 03:22:16,878 - INFO - Archivo YAML: <_io.TextIOWrapper name='C:/Tesis/pnp-diffusers/config/100_steps\\black_shirt__A_person_clapping_th__steps100.yaml' mode='r' encoding='cp1252'>, Tiempo de edicion: 135.59 segundos
2023-11-27 03:22:32,266 - INFO - Archivo YAML: <_io.TextIOWrapper name='C:/Tesis/pnp-diffusers/config/100_steps\\black_shirt__A_person_giving_a_th__steps100.yaml' mode='r' encoding='cp1252'>, Tiempo de edicion: 15.38 segundos
2023-11-27 03:24:46,260 - INFO - Archivo YAML: <_io.TextIOWrapper name='C:/Tesis/pnp-diffusers/config/100_steps\\black_shirt__A_person_in_a_greett__steps100.yaml' mode='r' encoding='cp1252'>, Tiempo de edicion: 133.99 segundos
2023-11-27 03:27:01,119 - INFO - Archivo YAML: <_io.TextIOWrapper name='C:/Tesis/pnp-diffusers/config/100_steps\\black_shirt__A_person_with_crosse__steps100.yaml' mode='r' encoding='cp1252'>, Tiempo de edicion: 134.85 segundos
2023-11-27 03:29:16,715 - INFO - Archivo YAML: <_io.TextIOWrapper name='C:/Tesis/pnp-diffusers/config/100_steps\\box__A_photo_of_an_open_b__steps100.yaml' mode='r' encoding='cp1252'>, Tiempo de edicion: 135.59 segundos
2023-11-27 03:31:32,154 - INFO - Archivo YAML: <_io.TextIOWrapper name='C:/Tesis/pnp-diffusers/config/100_steps\\cake_1__A_photo_of_a_birthda__steps100.yaml' mode='r' encoding='cp1252'>, Tiempo de edicion: 135.43 segundos
2023-11-27 03:33:47,484 - INFO - Archivo YAML: <_io.TextIOWrapper name='C:/Tesis/pnp-diffusers/config/100_steps\\cat_3__A_photo_of_a_cat_wea__steps100.yaml' mode='r' encoding='cp1252'>, Tiempo de edicion: 135.32 segundos
2023-11-27 03:36:02,212 - INFO - Archivo YAML: <_io.TextIOWrapper name='C:/Tesis/pnp-diffusers/config/100_steps\\cat_3__A_photo_of_a_cat_yaw__steps100.yaml' mode='r' encoding='cp1252'>, Tiempo de edicion: 134.72 segundos
2023-11-27 03:38:19,126 - INFO - Archivo YAML: <_io.TextIOWrapper name='C:/Tesis/pnp-diffusers/config/100_steps\\cat__A_photo_of_a_cat_in___steps100.yaml' mode='r' encoding='cp1252'>, Tiempo de edicion: 136.91 segundos
2023-11-27 03:38:34,800 - INFO - Archivo YAML: <_io.TextIOWrapper name='C:/Tesis/pnp-diffusers/config/100_steps\\cat__A_photo_of_a_cat_wea__steps100.yaml' mode='r' encoding='cp1252'>, Tiempo de edicion: 15.67 segundos
2023-11-27 03:40:49,393 - INFO - Archivo YAML: <_io.TextIOWrapper name='C:/Tesis/pnp-diffusers/config/100_steps\\chair_1__A_knocked_down_chair__steps100.yaml' mode='r' encoding='cp1252'>, Tiempo de edicion: 134.59 segundos
2023-11-27 03:43:04,332 - INFO - Archivo YAML: <_io.TextIOWrapper name='C:/Tesis/pnp-diffusers/config/100_steps\\chair_1__A_photo_of_a_chair_s__steps100.yaml' mode='r' encoding='cp1252'>, Tiempo de edicion: 134.93 segundos
2023-11-27 03:45:19,392 - INFO - Archivo YAML: <_io.TextIOWrapper name='C:/Tesis/pnp-diffusers/config/100_steps\\chibi__Image_of_a_cat_weari__steps100.yaml' mode='r' encoding='cp1252'>, Tiempo de edicion: 135.05 segundos
2023-11-27 03:47:34,051 - INFO - Archivo YAML: <_io.TextIOWrapper name='C:/Tesis/pnp-diffusers/config/100_steps\\couple_beach__A_photo_of_a_couple___steps100.yaml' mode='r' encoding='cp1252'>, Tiempo de edicion: 134.65 segundos
2023-11-27 03:49:49,018 - INFO - Archivo YAML: <_io.TextIOWrapper name='C:/Tesis/pnp-diffusers/config/100_steps\\dog2_standing__A_photo_of_a_breakda__steps100.yaml' mode='r' encoding='cp1252'>, Tiempo de edicion: 134.96 segundos
2023-11-27 03:52:03,730 - INFO - Archivo YAML: <_io.TextIOWrapper name='C:/Tesis/pnp-diffusers/config/100_steps\\dog2_standing__A_photo_of_a_dog_lay__steps100.yaml' mode='r' encoding='cp1252'>, Tiempo de edicion: 134.69 segundos
2023-11-27 03:54:18,307 - INFO - Archivo YAML: <_io.TextIOWrapper name='C:/Tesis/pnp-diffusers/config/100_steps\\dog2_standing__A_photo_of_a_jumping__steps100.yaml' mode='r' encoding='cp1252'>, Tiempo de edicion: 134.57 segundos
2023-11-27 03:54:33,554 - INFO - Archivo YAML: <_io.TextIOWrapper name='C:/Tesis/pnp-diffusers/config/100_steps\\dog2_standing__A_photo_of_a_sitting__steps100.yaml' mode='r' encoding='cp1252'>, Tiempo de edicion: 15.24 segundos
2023-11-27 03:56:47,238 - INFO - Archivo YAML: <_io.TextIOWrapper name='C:/Tesis/pnp-diffusers/config/100_steps\\dog2_standing__A_photo_of_a_yawning__steps100.yaml' mode='r' encoding='cp1252'>, Tiempo de edicion: 133.68 segundos
2023-11-27 03:59:02,765 - INFO - Archivo YAML: <_io.TextIOWrapper name='C:/Tesis/pnp-diffusers/config/100_steps\\dog_01__A_photo_of_a_jumping__steps100.yaml' mode='r' encoding='cp1252'>, Tiempo de edicion: 135.51 segundos
2023-11-27 04:01:17,917 - INFO - Archivo YAML: <_io.TextIOWrapper name='C:/Tesis/pnp-diffusers/config/100_steps\\dog_01__A_photo_of_a_sitting__steps100.yaml' mode='r' encoding='cp1252'>, Tiempo de edicion: 135.14 segundos
2023-11-27 04:03:32,877 - INFO - Archivo YAML: <_io.TextIOWrapper name='C:/Tesis/pnp-diffusers/config/100_steps\\dog_with_shirt__A_dog_smoking_a_ciga__steps100.yaml' mode='r' encoding='cp1252'>, Tiempo de edicion: 134.95 segundos
2023-11-27 04:05:47,643 - INFO - Archivo YAML: <_io.TextIOWrapper name='C:/Tesis/pnp-diffusers/config/100_steps\\door__A_door_with_a_pet_en__steps100.yaml' mode='r' encoding='cp1252'>, Tiempo de edicion: 134.76 segundos
2023-11-27 04:08:01,962 - INFO - Archivo YAML: <_io.TextIOWrapper name='C:/Tesis/pnp-diffusers/config/100_steps\\door__A_photo_of_an_open_d__steps100.yaml' mode='r' encoding='cp1252'>, Tiempo de edicion: 134.31 segundos
2023-11-27 04:10:16,783 - INFO - Archivo YAML: <_io.TextIOWrapper name='C:/Tesis/pnp-diffusers/config/100_steps\\door__A_photo_of_a_door_fo__steps100.yaml' mode='r' encoding='cp1252'>, Tiempo de edicion: 134.81 segundos
2023-11-27 04:12:32,303 - INFO - Archivo YAML: <_io.TextIOWrapper name='C:/Tesis/pnp-diffusers/config/100_steps\\drinking_horse__A_horse_raising_its___steps100.yaml' mode='r' encoding='cp1252'>, Tiempo de edicion: 135.51 segundos
2023-11-27 04:14:47,329 - INFO - Archivo YAML: <_io.TextIOWrapper name='C:/Tesis/pnp-diffusers/config/100_steps\\egg_tree__A_cracked_egg.__steps100.yaml' mode='r' encoding='cp1252'>, Tiempo de edicion: 135.02 segundos
2023-11-27 04:17:02,093 - INFO - Archivo YAML: <_io.TextIOWrapper name='C:/Tesis/pnp-diffusers/config/100_steps\\elephant__An_elephant_in_a_cir__steps100.yaml' mode='r' encoding='cp1252'>, Tiempo de edicion: 134.76 segundos
2023-11-27 04:19:16,351 - INFO - Archivo YAML: <_io.TextIOWrapper name='C:/Tesis/pnp-diffusers/config/100_steps\\elephant__A_person_riding_on_a__steps100.yaml' mode='r' encoding='cp1252'>, Tiempo de edicion: 134.25 segundos
2023-11-27 04:21:31,090 - INFO - Archivo YAML: <_io.TextIOWrapper name='C:/Tesis/pnp-diffusers/config/100_steps\\elephant__A_standing_elephant.__steps100.yaml' mode='r' encoding='cp1252'>, Tiempo de edicion: 134.73 segundos
2023-11-27 04:23:46,647 - INFO - Archivo YAML: <_io.TextIOWrapper name='C:/Tesis/pnp-diffusers/config/100_steps\\empty_street__A_busy_congested_str__steps100.yaml' mode='r' encoding='cp1252'>, Tiempo de edicion: 135.55 segundos
2023-11-27 04:26:01,665 - INFO - Archivo YAML: <_io.TextIOWrapper name='C:/Tesis/pnp-diffusers/config/100_steps\\flamingo__A_sitting_flamingo.__steps100.yaml' mode='r' encoding='cp1252'>, Tiempo de edicion: 135.01 segundos
2023-11-27 04:28:17,157 - INFO - Archivo YAML: <_io.TextIOWrapper name='C:/Tesis/pnp-diffusers/config/100_steps\\giraffe__A_giraffe_with_a_sho__steps100.yaml' mode='r' encoding='cp1252'>, Tiempo de edicion: 135.48 segundos
2023-11-27 04:30:31,716 - INFO - Archivo YAML: <_io.TextIOWrapper name='C:/Tesis/pnp-diffusers/config/100_steps\\giraffe__A_photo_of_a_giraffe__steps100.yaml' mode='r' encoding='cp1252'>, Tiempo de edicion: 134.55 segundos
2023-11-27 04:32:46,360 - INFO - Archivo YAML: <_io.TextIOWrapper name='C:/Tesis/pnp-diffusers/config/100_steps\\giraffe__A_photo_of_a_sitting__steps100.yaml' mode='r' encoding='cp1252'>, Tiempo de edicion: 134.63 segundos
2023-11-27 04:35:01,384 - INFO - Archivo YAML: <_io.TextIOWrapper name='C:/Tesis/pnp-diffusers/config/100_steps\\goat_and_cat__A_goat_and_a_cat_hug__steps100.yaml' mode='r' encoding='cp1252'>, Tiempo de edicion: 135.02 segundos
2023-11-27 04:37:15,934 - INFO - Archivo YAML: <_io.TextIOWrapper name='C:/Tesis/pnp-diffusers/config/100_steps\\goat_and_cat__A_goat_hits_a_cat.__steps100.yaml' mode='r' encoding='cp1252'>, Tiempo de edicion: 134.54 segundos
2023-11-27 04:39:30,827 - INFO - Archivo YAML: <_io.TextIOWrapper name='C:/Tesis/pnp-diffusers/config/100_steps\\goat_and_cat__A_goat_jumping_over___steps100.yaml' mode='r' encoding='cp1252'>, Tiempo de edicion: 134.89 segundos
2023-11-27 04:41:45,475 - INFO - Archivo YAML: <_io.TextIOWrapper name='C:/Tesis/pnp-diffusers/config/100_steps\\goat_and_cat__A_goat_to_the_right___steps100.yaml' mode='r' encoding='cp1252'>, Tiempo de edicion: 134.64 segundos
2023-11-27 04:44:00,565 - INFO - Archivo YAML: <_io.TextIOWrapper name='C:/Tesis/pnp-diffusers/config/100_steps\\milk_cookie__A_cookie_next_to_a_g__steps100.yaml' mode='r' encoding='cp1252'>, Tiempo de edicion: 135.08 segundos
2023-11-27 04:46:15,928 - INFO - Archivo YAML: <_io.TextIOWrapper name='C:/Tesis/pnp-diffusers/config/100_steps\\new_cat_3__A_photo_of_a_cat_fac__steps100.yaml' mode='r' encoding='cp1252'>, Tiempo de edicion: 135.36 segundos
2023-11-27 04:48:29,857 - INFO - Archivo YAML: <_io.TextIOWrapper name='C:/Tesis/pnp-diffusers/config/100_steps\\new_cat_3__A_photo_of_a_cat_fro__steps100.yaml' mode='r' encoding='cp1252'>, Tiempo de edicion: 133.92 segundos
2023-11-27 04:50:44,961 - INFO - Archivo YAML: <_io.TextIOWrapper name='C:/Tesis/pnp-diffusers/config/100_steps\\new_cat_3__A_photo_of_a_jumping__steps100.yaml' mode='r' encoding='cp1252'>, Tiempo de edicion: 135.10 segundos
2023-11-27 04:52:59,794 - INFO - Archivo YAML: <_io.TextIOWrapper name='C:/Tesis/pnp-diffusers/config/100_steps\\new_cat_3__A_photo_of_a_sleepin__steps100.yaml' mode='r' encoding='cp1252'>, Tiempo de edicion: 134.82 segundos
2023-11-27 04:55:14,503 - INFO - Archivo YAML: <_io.TextIOWrapper name='C:/Tesis/pnp-diffusers/config/100_steps\\new_cat_3__A_photo_of_a_standin__steps100.yaml' mode='r' encoding='cp1252'>, Tiempo de edicion: 134.70 segundos
2023-11-27 04:57:29,460 - INFO - Archivo YAML: <_io.TextIOWrapper name='C:/Tesis/pnp-diffusers/config/100_steps\\open_book__A_photo_of_a_closed___steps100.yaml' mode='r' encoding='cp1252'>, Tiempo de edicion: 134.95 segundos
2023-11-27 04:59:44,411 - INFO - Archivo YAML: <_io.TextIOWrapper name='C:/Tesis/pnp-diffusers/config/100_steps\\pizza1__A_half_eaten_pizza.__steps100.yaml' mode='r' encoding='cp1252'>, Tiempo de edicion: 134.94 segundos
2023-11-27 05:01:58,838 - INFO - Archivo YAML: <_io.TextIOWrapper name='C:/Tesis/pnp-diffusers/config/100_steps\\pizza1__Pizza_with_pepperoni__steps100.yaml' mode='r' encoding='cp1252'>, Tiempo de edicion: 134.42 segundos
2023-11-27 05:04:13,262 - INFO - Archivo YAML: <_io.TextIOWrapper name='C:/Tesis/pnp-diffusers/config/100_steps\\pizza1__Pizza_with_pineapple__steps100.yaml' mode='r' encoding='cp1252'>, Tiempo de edicion: 134.42 segundos
2023-11-27 05:06:28,605 - INFO - Archivo YAML: <_io.TextIOWrapper name='C:/Tesis/pnp-diffusers/config/100_steps\\prague__A_cyclist_riding_in___steps100.yaml' mode='r' encoding='cp1252'>, Tiempo de edicion: 135.34 segundos
2023-11-27 05:08:43,295 - INFO - Archivo YAML: <_io.TextIOWrapper name='C:/Tesis/pnp-diffusers/config/100_steps\\prague__A_parade_on_a_street__steps100.yaml' mode='r' encoding='cp1252'>, Tiempo de edicion: 134.68 segundos
2023-11-27 05:10:57,847 - INFO - Archivo YAML: <_io.TextIOWrapper name='C:/Tesis/pnp-diffusers/config/100_steps\\prague__A_photo_of_a_coffee___steps100.yaml' mode='r' encoding='cp1252'>, Tiempo de edicion: 134.54 segundos
2023-11-27 05:13:13,095 - INFO - Archivo YAML: <_io.TextIOWrapper name='C:/Tesis/pnp-diffusers/config/100_steps\\red_car__A_car_in_the_year_19__steps100.yaml' mode='r' encoding='cp1252'>, Tiempo de edicion: 135.24 segundos
2023-11-27 05:15:28,075 - INFO - Archivo YAML: <_io.TextIOWrapper name='C:/Tesis/pnp-diffusers/config/100_steps\\red_car__A_convertable_car.__steps100.yaml' mode='r' encoding='cp1252'>, Tiempo de edicion: 134.97 segundos
2023-11-27 05:17:43,044 - INFO - Archivo YAML: <_io.TextIOWrapper name='C:/Tesis/pnp-diffusers/config/100_steps\\red_car__A_photo_of_a_car_in___steps100.yaml' mode='r' encoding='cp1252'>, Tiempo de edicion: 134.96 segundos
2023-11-27 05:19:57,399 - INFO - Archivo YAML: <_io.TextIOWrapper name='C:/Tesis/pnp-diffusers/config/100_steps\\red_car__A_race_car.__steps100.yaml' mode='r' encoding='cp1252'>, Tiempo de edicion: 134.35 segundos
2023-11-27 05:22:12,769 - INFO - Archivo YAML: <_io.TextIOWrapper name='C:/Tesis/pnp-diffusers/config/100_steps\\road1__An_image_of_a_post_a__steps100.yaml' mode='r' encoding='cp1252'>, Tiempo de edicion: 135.36 segundos
2023-11-27 05:24:27,653 - INFO - Archivo YAML: <_io.TextIOWrapper name='C:/Tesis/pnp-diffusers/config/100_steps\\road1__A_photo_of_a_traffic__steps100.yaml' mode='r' encoding='cp1252'>, Tiempo de edicion: 134.88 segundos
2023-11-27 05:26:42,463 - INFO - Archivo YAML: <_io.TextIOWrapper name='C:/Tesis/pnp-diffusers/config/100_steps\\teddy_1__A_photo_of_a_dancing__steps100.yaml' mode='r' encoding='cp1252'>, Tiempo de edicion: 134.80 segundos
2023-11-27 05:28:59,255 - INFO - Archivo YAML: <_io.TextIOWrapper name='C:/Tesis/pnp-diffusers/config/100_steps\\teddy_1__A_photo_of_a_standin__steps100.yaml' mode='r' encoding='cp1252'>, Tiempo de edicion: 136.79 segundos
2023-11-27 05:31:17,466 - INFO - Archivo YAML: <_io.TextIOWrapper name='C:/Tesis/pnp-diffusers/config/100_steps\\teddy_1__A_photo_of_a_teddy_b__steps100.yaml' mode='r' encoding='cp1252'>, Tiempo de edicion: 138.20 segundos
2023-11-27 05:33:31,652 - INFO - Archivo YAML: <_io.TextIOWrapper name='C:/Tesis/pnp-diffusers/config/100_steps\\teddy_1__A_teddy_bear_holding__steps100.yaml' mode='r' encoding='cp1252'>, Tiempo de edicion: 134.18 segundos
2023-11-27 05:35:55,383 - INFO - Archivo YAML: <_io.TextIOWrapper name='C:/Tesis/pnp-diffusers/config/100_steps\\teddy_1__A_torn_up_teddy_bear__steps100.yaml' mode='r' encoding='cp1252'>, Tiempo de edicion: 143.72 segundos
2023-11-27 05:38:10,256 - INFO - Archivo YAML: <_io.TextIOWrapper name='C:/Tesis/pnp-diffusers/config/100_steps\\tennis_ball__A_photo_of_a_tomato___steps100.yaml' mode='r' encoding='cp1252'>, Tiempo de edicion: 134.87 segundos
2023-11-27 05:40:33,234 - INFO - Archivo YAML: <_io.TextIOWrapper name='C:/Tesis/pnp-diffusers/config/100_steps\\tree_1__An_apple_tree.__steps100.yaml' mode='r' encoding='cp1252'>, Tiempo de edicion: 142.97 segundos
2023-11-27 05:42:54,824 - INFO - Archivo YAML: <_io.TextIOWrapper name='C:/Tesis/pnp-diffusers/config/100_steps\\tree_1__A_photo_of_a_dead_tr__steps100.yaml' mode='r' encoding='cp1252'>, Tiempo de edicion: 141.58 segundos
2023-11-27 05:45:09,130 - INFO - Archivo YAML: <_io.TextIOWrapper name='C:/Tesis/pnp-diffusers/config/100_steps\\tree_1__A_photo_of_a_fruitfu__steps100.yaml' mode='r' encoding='cp1252'>, Tiempo de edicion: 134.30 segundos
2023-11-27 05:47:31,369 - INFO - Archivo YAML: <_io.TextIOWrapper name='C:/Tesis/pnp-diffusers/config/100_steps\\tree_1__A_photo_of_a_tree._T__steps100.yaml' mode='r' encoding='cp1252'>, Tiempo de edicion: 142.23 segundos
2023-11-27 05:49:45,242 - INFO - Archivo YAML: <_io.TextIOWrapper name='C:/Tesis/pnp-diffusers/config/100_steps\\tree_1__A_photo_of_a_willow___steps100.yaml' mode='r' encoding='cp1252'>, Tiempo de edicion: 133.86 segundos
2023-11-27 05:52:00,676 - INFO - Archivo YAML: <_io.TextIOWrapper name='C:/Tesis/pnp-diffusers/config/100_steps\\two_dogs_with_checkered_shirts1__Two_dogs_growling_at__steps100.yaml' mode='r' encoding='cp1252'>, Tiempo de edicion: 135.43 segundos
2023-11-27 05:54:15,786 - INFO - Archivo YAML: <_io.TextIOWrapper name='C:/Tesis/pnp-diffusers/config/100_steps\\vase_01__A_photo_of_a_vase_of__steps100.yaml' mode='r' encoding='cp1252'>, Tiempo de edicion: 135.11 segundos
2023-11-27 05:56:30,536 - INFO - Archivo YAML: <_io.TextIOWrapper name='C:/Tesis/pnp-diffusers/config/100_steps\\vase_01__A_pot_of_flowers.__steps100.yaml' mode='r' encoding='cp1252'>, Tiempo de edicion: 134.74 segundos
2023-11-27 05:58:53,539 - INFO - Archivo YAML: <_io.TextIOWrapper name='C:/Tesis/pnp-diffusers/config/100_steps\\vase_01__A_vase_of_flowers_fi__steps100.yaml' mode='r' encoding='cp1252'>, Tiempo de edicion: 142.99 segundos
2023-11-27 06:01:14,725 - INFO - Archivo YAML: <_io.TextIOWrapper name='C:/Tesis/pnp-diffusers/config/100_steps\\white_horse1__A_snow_princess_next__steps100.yaml' mode='r' encoding='cp1252'>, Tiempo de edicion: 141.18 segundos
2023-11-27 06:03:29,242 - INFO - Archivo YAML: <_io.TextIOWrapper name='C:/Tesis/pnp-diffusers/config/100_steps\\white_horse1__A_white_horse_in_a_g__steps100.yaml' mode='r' encoding='cp1252'>, Tiempo de edicion: 134.51 segundos
2023-11-27 06:05:45,734 - INFO - Archivo YAML: <_io.TextIOWrapper name='C:/Tesis/pnp-diffusers/config/100_steps\\white_horse2__A_circus_horse.__steps100.yaml' mode='r' encoding='cp1252'>, Tiempo de edicion: 136.48 segundos
2023-11-27 06:07:59,642 - INFO - Archivo YAML: <_io.TextIOWrapper name='C:/Tesis/pnp-diffusers/config/100_steps\\white_horse2__A_girl_riding_a_hors__steps100.yaml' mode='r' encoding='cp1252'>, Tiempo de edicion: 133.90 segundos
2023-11-27 06:10:14,239 - INFO - Archivo YAML: <_io.TextIOWrapper name='C:/Tesis/pnp-diffusers/config/100_steps\\white_horse2__A_horse_in_a_show_ju__steps100.yaml' mode='r' encoding='cp1252'>, Tiempo de edicion: 134.57 segundos
2023-11-27 06:12:28,798 - INFO - Archivo YAML: <_io.TextIOWrapper name='C:/Tesis/pnp-diffusers/config/100_steps\\white_horse2__A_jumping_horse.__steps100.yaml' mode='r' encoding='cp1252'>, Tiempo de edicion: 134.54 segundos
2023-11-27 06:14:43,446 - INFO - Archivo YAML: <_io.TextIOWrapper name='C:/Tesis/pnp-diffusers/config/100_steps\\white_horse2__A_photo_of_a_zebra.__steps100.yaml' mode='r' encoding='cp1252'>, Tiempo de edicion: 134.64 segundos
2023-11-27 06:17:03,635 - INFO - Archivo YAML: <_io.TextIOWrapper name='C:/Tesis/pnp-diffusers/config/100_steps\\white_horse2__A_standing_horse.__steps100.yaml' mode='r' encoding='cp1252'>, Tiempo de edicion: 140.17 segundos
2023-11-27 06:19:18,745 - INFO - Archivo YAML: <_io.TextIOWrapper name='C:/Tesis/pnp-diffusers/config/100_steps\\zebra__A_photo_of_a_horse.__steps100.yaml' mode='r' encoding='cp1252'>, Tiempo de edicion: 135.10 segundos
